2017-10-02 21:45:42,894  200  http://www.ebbets.com/  45.80 kb
2017-10-02 21:45:44,051  200  https://en.wikipedia.org/wiki/Ebbets_Field  228.32 kb
2017-10-02 21:45:54,399  200  https://www.ebay.com/sch/i.html?_nkw=ebbets+field  218.75 kb
2017-10-02 21:45:58,169  404  http://www.nytimes.com/2013/04/04/sports/baseball/ebbets-field-is-gone...  0.00 kb
2017-10-02 21:45:58,721  404  http://www.sportingnews.com/photos/4527183-rare-photos-of-ebbets-field...  0.00 kb
2017-10-02 21:45:59,324  200  http://ballcaps.ebbets.com/bestsellers/Ebbets-Field  0.57 kb
2017-10-02 21:46:00,697  200  http://www.ballparksofbaseball.com/ballparks/ebbets-field  61.35 kb
2017-10-02 21:46:02,269  200  http://www.baseball-almanac.com/stadium/stadiume.shtml  40.66 kb
2017-10-02 21:46:04,079  200  http://www.ebbets.com/category/ballcaps  150.27 kb
2017-10-02 21:46:06,098  200  http://www.ebbets.com/category/negro-leagues-flannels  112.66 kb
2017-10-02 21:46:08,991  200  http://www.ebbets.com/category/flannels-minor-leagues  322.85 kb
2017-10-02 21:46:11,663  200  http://www.ebbets.com/category/Collegiate-Ballcaps  58.16 kb
2017-10-02 21:46:13,326  200  http://www.ebbets.com/category/Collegiate  70.44 kb
2017-10-02 21:46:14,455  200  http://www.ebbets.com/category/fictional-flannels  53.33 kb
2017-10-02 21:46:16,409  200  http://www.ebbets.com/member  43.11 kb
2017-10-02 21:46:19,835  200  http://www.ebbets.com/category/new-flannels  56.05 kb
2017-10-02 21:46:22,441  200  https://en.wikipedia.org/wiki/Ebbets_Field#cite_note-Green-1  228.32 kb
2017-10-02 21:46:25,341  200  https://en.wikipedia.org/wiki/Wikipedia:Verifiability  145.56 kb
2017-10-02 21:46:27,389  200  https://tools.wmflabs.org/geohack/geohack.php?pagename=Ebbets_Field&params=40_39_54_N_73_57_29_W_region:US-NY_type:landmark_scale:2000  73.98 kb
2017-10-02 21:46:28,536  200  https://en.wikipedia.org/wiki/Eberts_Field  60.10 kb
2017-10-02 21:46:29,509  200  https://en.wikipedia.org/wiki/Ebbets_Field#p-search  228.32 kb
2017-10-02 21:46:30,539  200  https://en.wikipedia.org/wiki/Seating_capacity  38.14 kb
2017-10-02 21:46:31,418  200  https://en.wikipedia.org/wiki/Brooklyn_Dodgers  163.93 kb
2017-10-02 21:46:32,525  200  https://en.wikipedia.org/wiki/Brooklyn  504.66 kb
2017-10-02 21:46:33,818  200  https://en.wikipedia.org/wiki/Marvin_Kratter  35.14 kb
2017-10-02 21:46:36,797  200  https://ocsnext.ebay.com/ocs/home  70.50 kb
2017-10-02 21:46:39,123  200  https://www.ebay.com/sch/i.html?_nkw=ebbets+field#mainContent  217.91 kb
2017-10-02 21:46:45,169  200  https://www.ebay.com/s/phone?roken2=sa.paVBob25lIEF3YXJlbmVzcyBEb29kbGU=.bUk0=.g1711.con  88.32 kb
2017-10-02 21:46:46,993  200  http://www.ballparksofbaseball.com/comparisons/  59.77 kb
2017-10-02 21:46:48,073  200  http://www.ballparksofbaseball.com/ballpark-directions-and-parking/  47.37 kb
2017-10-02 21:46:50,636  200  http://www.ballparksofbaseball.com/tickets/  111.19 kb
2017-10-02 21:46:54,386  200  http://www.ballparksofbaseball.com/  52.71 kb
2017-10-02 21:46:55,551  200  http://www.ballparksofbaseball.com/contact-us/  71.63 kb
2017-10-02 21:46:57,265  200  http://www.ballparksofbaseball.com/category/news/  55.35 kb
2017-10-02 21:46:58,547  200  http://www.ballparksofbaseball.com/category/ballpark-construction-photos/  67.20 kb
2017-10-02 21:46:59,691  200  http://www.ballparksofbaseball.com/comparisons/current-ballpark-openings/  53.55 kb
2017-10-02 21:47:01,406  200  http://stadiumsofprofootball.com/  46.52 kb
2017-10-02 21:47:02,741  200  http://www.ballparksofbaseball.com/comparisons/current-ballparks-costs/  60.04 kb
2017-10-02 21:47:03,638  400  http://www.baseball-almanac.com/../players/birthplace.php  0.00 kb
2017-10-02 21:47:04,182  400  http://www.baseball-almanac.com/../me_award.shtml  0.00 kb
2017-10-02 21:47:04,732  400  http://www.baseball-almanac.com/../ws/wsmenu.shtml  0.00 kb
2017-10-02 21:47:05,290  400  http://www.baseball-almanac.com/../asgmenu.shtml  0.00 kb
2017-10-02 21:47:05,847  400  http://www.baseball-almanac.com/../umpiresmenu.shtml  0.00 kb
2017-10-02 21:47:07,012  200  http://www.baseball-almanac.com/index.shtml  115.78 kb
2017-10-02 21:47:08,302  400  http://www.baseball-almanac.com/../college/colleges.shtml  0.00 kb
2017-10-02 21:47:08,837  400  http://www.baseball-almanac.com/../draft/baseball_draft.shtml  0.00 kb
2017-10-02 21:47:09,408  400  http://www.baseball-almanac.com/../players/baseball_biographies.shtml  0.00 kb
2017-10-02 21:47:10,285  200  https://tools.wmflabs.org/geohack/geohack.php?pagename=Ebbets_Field&params=40_39_54_N_73_57_29_W_region:US-NY_type:landmark_scale:2000#Other_information  73.98 kb
2017-10-02 21:47:11,473  200  https://tools.wmflabs.org/geohack/geohack.php?pagename=Ebbets_Field&params=40_39_54_N_73_57_29_W_region:US-NY_type:landmark_scale:2000#Wikipedia_articles  73.98 kb
2017-10-02 21:47:12,267  400  https://www.bing.com/maps/?v=2&cp=40.665~-73.958056&style=r&lvl=18&sp=Point.40.665_-73.958056_Ebbets Field___  0.00 kb
2017-10-02 21:47:13,078  200  https://tools.wmflabs.org/geohack/geohack.php?pagename=Ebbets_Field&params=40_39_54_N_73_57_29_W_region:US-NY_type:landmark_scale:2000#GEOTEMPLATE-LOCAL  73.98 kb
2017-10-02 21:47:14,719  200  https://mapper.acme.com/?ll=40.665,-73.958056&z=18&t=M&marker0=40.665,-73.958056,Ebbets Field  18.67 kb
2017-10-02 21:47:16,080  400  https://tools.wmflabs.org/geohack/geohack.php?language=en&pagename=Ebbets_Field&params=40_39_54_N_73_57_29_W_region:US-NY_type:landmark_scale:2000_globe:export&title=Ebbets Field  0.00 kb
2017-10-02 21:47:16,676  400  https://tools.wmflabs.org/geocommons/earth.kml?latdegdec=40.665&londegdec=-73.958056&scale=2000&title=Ebbets Field  0.00 kb
2017-10-02 21:47:17,542  200  https://tools.wmflabs.org/geohack/geohack.php?pagename=Ebbets_Field&params=40_39_54_N_73_57_29_W_region:US-NY_type:landmark_scale:2000#Global_services  73.98 kb
2017-10-02 21:47:18,743  200  https://tools.wmflabs.org/geohack/geohack.php?pagename=Ebbets_Field&params=40_39_54_N_73_57_29_W_region:US-NY_type:landmark_scale:2000#Photos  73.98 kb
2017-10-02 21:47:20,849  200  https://www.openstreetmap.org/?mlat=40.665&mlon=-73.958056&zoom=18&layers=M  14.28 kb
2017-10-02 21:47:22,630  200  https://tools.wmflabs.org/geohack/geohack.php?pagename=Eberts_Field&params=34_47_43_N_091_55_09_W_&title=Eberts+Field  148.46 kb
2017-10-02 21:47:23,867  200  http://www.stadiumsofprofootball.com/stadiums/everbank-field/  52.11 kb
2017-10-02 21:47:25,035  200  http://stadiumsofprofootball.com/afc-stadiums  54.84 kb
2017-10-02 21:47:27,284  200  https://mapper.acme.com/about.html  12.47 kb
2017-10-02 21:47:29,117  200  https://acme.com/  9.19 kb
2017-10-02 21:47:33,842  200  https://www.openstreetmap.org/traces  25.87 kb
2017-10-02 21:47:35,694  200  https://www.openstreetmap.org/about  11.24 kb
2017-10-02 21:47:37,350  200  https://www.openstreetmap.org/copyright  14.53 kb
2017-10-02 21:47:48,389  200  https://mapper.acme.com/?ll=34.795278,-91.919167&z=15&t=M&marker0=34.795278,-91.919167,Eberts Field  18.67 kb
2017-10-02 21:47:51,802  400  https://www.bing.com/maps/?v=2&cp=34.795278~-91.919167&style=r&lvl=15&sp=Point.34.795278_-91.919167_Eberts Field___  0.00 kb
2017-10-02 21:48:09,519  200  http://geonames.usgs.gov/  10.56 kb
2017-10-02 21:48:13,216  200  http://developer.yahoo.com/maps/rest/V1/geocode.html  14.99 kb
2017-10-02 21:48:15,506  200  http://www.geonames.org/  14.42 kb
2017-10-02 21:48:33,079  200  http://geonames.usgs.gov/domestic/member_directory.htm  16.51 kb
2017-10-02 21:48:34,771  200  http://geonames.usgs.gov/anniversary/index.html  6.78 kb
2017-10-02 21:48:37,026  200  https://www.usgs.gov/foia/  12.80 kb
2017-10-02 21:48:38,658  200  http://mailto:BGNEXEC@usgs.gov/  0.00 kb
2017-10-02 21:48:40,261  200  http://geonames.usgs.gov/undersea/index.html  6.38 kb
2017-10-02 21:48:41,846  200  http://geonames.usgs.gov/publications/index.html  9.01 kb
2017-10-02 21:48:43,515  200  http://geonames.usgs.gov/links/index.html  24.80 kb
2017-10-02 21:48:53,976  200  https://screen.yahoo.com/  471.07 kb
2017-10-02 21:48:55,958  200  https://everything.yahoo.com/  209.66 kb
2017-10-02 21:48:57,215  200  http://developer.yahoo.com/faq/index.html#appid  20.95 kb
2017-10-02 21:48:58,860  200  http://news.yahoo.com/  529.58 kb
2017-10-02 21:49:00,636  200  https://login.yahoo.com/config/login?.done=https://  87.09 kb
2017-10-02 21:49:06,161  200  https://mobile.yahoo.com/  0.00 kb
2017-10-02 21:49:14,314  200  http://developer.yahoo.com/  51.34 kb
2017-10-02 21:49:17,335  200  http://sports.yahoo.com/  759.96 kb
2017-10-02 21:49:22,294  200  https://www.flickr.com/  197.25 kb
2017-10-02 21:49:23,186  200  http://geonames.wordpress.com/  57.91 kb
2017-10-02 21:49:24,240  200  http://www.geonames.org/advanced-search.html  42.88 kb
2017-10-02 21:49:25,628  200  http://www.geonames.org/login  3.53 kb
2017-10-02 21:49:27,689  200  http://groups.google.com/group/geonames  21.90 kb
2017-10-02 21:49:29,343  200  http://www.geonames.org/statistics/  69.06 kb
2017-10-02 21:49:31,135  200  http://forum.geonames.org/  14.31 kb
2017-10-02 21:49:31,991  200  http://www.geonames.org/recent-changes.html  21.47 kb
2017-10-02 21:49:33,026  200  http://www.geonames.org/manual.html  8.94 kb
2017-10-02 21:49:33,758  200  http://www.geonames.org/maps/wikipedia.html  13.58 kb
2017-10-02 21:49:34,733  200  http://www.geonames.org/export/ws-overview.html  24.66 kb
2017-10-02 21:49:36,089  200  http://www.geonames.org/about.html  9.95 kb
2017-10-02 21:49:37,684  200  https://usa.gov/  25.05 kb
2017-10-02 21:49:38,564  200  https://www.doi.gov/  121.10 kb
2017-10-02 21:49:49,017  200  http://www.nga.mil/  110.32 kb
2017-10-02 21:50:07,543  200  http://cogenweb.com/coplaces/  19.59 kb
2017-10-02 21:50:08,450  200  http://www.dgs.udel.edu/projects/delaware-datamil  29.00 kb
2017-10-02 21:50:09,052  200  http://cogna50usa.org/  13.84 kb
2017-10-02 21:50:10,606  200  http://www.flheritage.com/facts/reports/names/  13.31 kb
2017-10-02 21:50:11,390  200  http://www.arkansasresearch.com/Statewide/Placenames.htm  6.85 kb
2017-10-02 21:50:12,671  200  http://cacgn.ca.gov/  66.81 kb
2017-10-02 21:50:16,161  200  http://www.ctstatelibrary.org/topics/geography-maps  0.00 kb
2017-10-02 21:50:21,664  200  http://ctstatelibrary.org/cttowns/counties  0.00 kb
2017-10-02 21:50:26,604  200  http://dnr.alaska.gov/parks/oha/designations/geonames.htm  25.71 kb
2017-10-02 21:50:29,657  200  https://as.ua.edu/placenames/  13.66 kb
2017-10-02 21:50:31,053  200  https://www.tumblr.com/  70.54 kb
2017-10-02 21:50:33,631  200  https://tumblr.com/follow/yahoonews  70.98 kb
2017-10-02 21:50:35,934  200  https://dev.flurry.com/  1.56 kb
2017-10-02 21:50:37,143  200  https://blog.flickr.net/en  44.55 kb
2017-10-02 21:50:37,994  200  https://www.flickr.com/help/guidelines  207.00 kb
2017-10-02 21:50:39,158  200  https://www.flickr.com/services/developer  102.35 kb
2017-10-02 21:50:40,283  404  http://geonames.wordpress.com/www.maxmind.com  0.00 kb
2017-10-02 21:50:41,761  200  http://www.tvtrip.com/  54.06 kb
2017-10-02 21:50:44,610  404  http://toronto-plumber.com/drain-cleaning-repair-toronto  0.00 kb
2017-10-02 21:50:46,419  200  https://geonames.wordpress.com/2013/06/26/new-map-layout/  61.35 kb
2017-10-02 21:50:48,076  200  http://www.rhinocarhire.com/  32.48 kb
2017-10-02 21:50:48,910  200  https://geonames.wordpress.com/  57.92 kb
2017-10-02 21:50:49,458  200  http://www.buzzvertical.com/  16.47 kb
2017-10-02 21:50:51,307  200  http://boutreux.com/  22.18 kb
2017-10-02 21:50:52,645  200  http://www.fotosearch.com/  23.24 kb
2017-10-02 21:50:53,649  200  http://www.canstockphoto.com/  33.68 kb
2017-10-02 21:50:55,669  200  http://www.wunschwerbung.de/  91.01 kb
2017-10-02 21:50:57,898  200  http://www.hotelrentalgroup.com/  51.64 kb
2017-10-02 21:50:59,079  200  http://www.offices.net/  120.04 kb
2017-10-02 21:51:00,872  200  http://www.rentalcargroup.com/  70.35 kb
2017-10-02 21:51:02,526  200  http://www.getit.me/  21.73 kb
2017-10-02 21:51:08,393  200  http://www.titanweb.com.au/  77.59 kb
2017-10-02 21:51:12,149  200  https://www.youtube.com/?gl=US&tab=g1  534.01 kb
2017-10-02 21:51:17,890  200  http://www.tagzania.com/  16.60 kb
2017-10-02 21:51:19,769  200  http://barrapunto.com/ciberderechos/06/03/03/1814255.shtml  33.29 kb
2017-10-02 21:51:20,741  200  http://www.techcrunch.com/2007/05/26/geonames-wikipedia-for-geographical-data/  110.78 kb
2017-10-02 21:51:23,938  401  http://www.nature.com/news/2006/060213/full/439787a.html  0.00 kb
2017-10-02 21:51:27,462  200  http://blog.programmableweb.com/2012/05/23/123-database-apis-geonames-freebase-and-yahoo-query-language/  124.52 kb
2017-10-02 21:51:31,164  200  http://www.linuxworld.com/news/2006/121806-web-20-apis.html?page=2  0.00 kb
2017-10-02 21:51:33,828  200  http://geonames.wordpress.com/2006/12/07/geonames-feature-density-map/  53.47 kb
2017-10-02 21:51:34,593  200  https://usa.gov/food-help  40.65 kb
2017-10-02 21:51:35,301  200  https://usa.gov/budget  37.95 kb
2017-10-02 21:51:36,021  200  https://usa.gov/forms/a  29.21 kb
2017-10-02 21:51:36,726  200  https://usa.gov/about-the-us  27.90 kb
2017-10-02 21:51:37,554  200  https://usa.gov/benefits  40.96 kb
2017-10-02 21:51:38,269  200  https://usa.gov/financial-aid  43.92 kb
2017-10-02 21:51:38,971  200  https://usa.gov/help-with-bills  48.14 kb
2017-10-02 21:51:39,928  200  https://www.doi.gov/contact-us/  36.53 kb
2017-10-02 21:51:41,244  200  https://www.doi.gov/whoweare/secretary-ryan-zinke  111.05 kb
2017-10-02 21:51:42,669  200  https://www.youtube.com/user/USInterior  364.57 kb
2017-10-02 21:51:45,785  200  https://www.doi.gov/employees  76.96 kb
2017-10-02 21:51:46,169  200  https://www.doi.gov/whoweare  50.79 kb
2017-10-02 21:51:47,029  200  https://twitter.com/interior  365.67 kb
2017-10-02 21:51:47,853  200  https://www.doi.gov/whoweare/history/  44.90 kb
2017-10-02 21:51:48,270  403  https://www.doi.gov/whoweare/orgchart/  0.00 kb
2017-10-02 21:51:49,441  200  https://americasgreatoutdoors.tumblr.com/  118.77 kb
2017-10-02 21:51:51,383  200  http://www.nga.mil/Pages/Default.aspx  110.32 kb
2017-10-02 21:51:53,264  200  http://www.nga.mil/MediaRoom/Pages/default.aspx  55.72 kb
2017-10-02 21:51:54,773  404  http://www.nga.mil/Pages/IAm.aspx  0.00 kb
2017-10-02 21:51:55,532  200  http://cogenweb.com/about.html  6.21 kb
2017-10-02 21:51:56,451  200  http://cogenweb.com/coplaces/city-b.html  52.04 kb
2017-10-02 21:51:58,108  200  http://cogenweb.com/coplaces/city-g.html  34.91 kb
2017-10-02 21:51:59,036  200  http://cogenweb.com/coplaces/#Sources  19.59 kb
2017-10-02 21:52:00,065  200  http://cogenweb.com/coplaces/city-h.html  41.43 kb
2017-10-02 21:52:00,812  200  http://cogenweb.com/special.html  5.28 kb
2017-10-02 21:52:01,472  200  http://cogenweb.com/index.html  16.58 kb
2017-10-02 21:52:03,240  200  http://cogenweb.com/coplaces/city-d.html  26.18 kb
2017-10-02 21:52:04,154  200  http://cogenweb.com/coplaces/city-f.html  38.48 kb
2017-10-02 21:52:04,918  200  http://usgenweb.org/  26.59 kb
2017-10-02 21:52:06,160  200  http://mailto:historylover@q.com/?subject=COPlaces  0.00 kb
2017-10-02 21:52:07,202  200  http://www.rootsweb.ancestry.com/~cokids/  12.43 kb
2017-10-02 21:52:07,895  200  http://www.dgs.udel.edu/water-resources  29.44 kb
2017-10-02 21:52:08,605  200  http://www.dgs.udel.edu/delaware-geology/what-fossil  35.35 kb
2017-10-02 21:52:09,294  200  http://www.dgs.udel.edu/projects/delaware-datamil#main-content  29.00 kb
2017-10-02 21:52:10,057  200  http://www.dgs.udel.edu/tagcloud/tags  26.30 kb
2017-10-02 21:52:10,775  200  http://www.dgs.udel.edu/delaware-geology/earthquake-felt-report  30.07 kb
2017-10-02 21:52:11,503  200  http://www.dgs.udel.edu/  23.90 kb
2017-10-02 21:52:12,459  200  http://www.dgs.udel.edu/staff  58.76 kb
2017-10-02 21:52:13,611  200  http://www.dgs.udel.edu/projects  64.69 kb
2017-10-02 21:52:14,557  200  http://www.dgs.udel.edu/maps-and-directions  29.41 kb
2017-10-02 21:52:15,045  200  http://cogna50usa.org/about.html  4.98 kb
2017-10-02 21:52:15,462  200  http://cogna50usa.org/Authorities.html  32.51 kb
2017-10-02 21:52:15,969  200  http://cogna50usa.org/index.html  13.84 kb
2017-10-02 21:52:16,238  200  http://mailto:twfurr@cogna50usa.org/  0.00 kb
2017-10-02 21:52:16,497  200  http://cogna50usa.org/Conferences.html  9.60 kb
2017-10-02 21:52:17,218  200  http://www.flheritage.com/  37.07 kb
2017-10-02 21:52:18,304  200  http://www.flheritage.com/facts/reports/names/city3.cfm#Q  9.17 kb
2017-10-02 21:52:19,523  200  http://www.flheritage.com/facts/reports/names/#H  13.31 kb
2017-10-02 21:52:20,712  200  http://www.flheritage.com/facts/reports/names/#F  13.31 kb
2017-10-02 21:52:21,909  200  http://www.flheritage.com/facts/reports/names/#G  13.31 kb
2017-10-02 21:52:23,441  200  http://www.dos.state.fl.us/  40.48 kb
2017-10-02 21:52:24,462  200  http://www.flheritage.com/facts/reports/names/#atlas  13.31 kb
2017-10-02 21:52:25,824  200  http://www.flheritage.com/facts/reports/names/#B  13.31 kb
2017-10-02 21:52:27,323  200  http://www.flheritage.com/facts/reports/names/#C  13.31 kb
2017-10-02 21:52:28,799  200  http://www.flheritage.com/facts/reports/names/#A  13.31 kb
2017-10-02 21:52:29,586  200  http://www.arkansasresearch.com/Statewide/StatewideReference.htm  5.60 kb
2017-10-02 21:52:30,004  200  http://www.arkansasresearch.com/FAQs.htm  12.15 kb
2017-10-02 21:52:30,442  200  http://www.arkansasresearch.com/PrivacyStatement.htm  5.68 kb
2017-10-02 21:52:30,871  200  http://www.arkansasresearch.com/HowtoOrder.htm  9.98 kb
2017-10-02 21:52:31,302  200  http://www.arkansasresearch.com/index.html  6.36 kb
2017-10-02 21:52:31,723  200  http://www.arkansasresearch.com/guideindex.htm  7.63 kb
2017-10-02 21:52:32,345  200  http://mailto:sales@arkansasresearch.com/  0.00 kb
2017-10-02 21:52:33,469  200  http://cacgn.ca.gov/index.html  66.81 kb
2017-10-02 21:52:36,525  200  http://www.ca.gov/  99.18 kb
2017-10-02 21:52:38,666  200  http://dnr.alaska.gov/parks/oha/archsurv/survey.htm  22.62 kb
2017-10-02 21:52:39,692  200  http://dnr.alaska.gov/parks/oha/index  28.99 kb
2017-10-02 21:52:41,957  200  https://my.alaska.gov/  18.53 kb
2017-10-02 21:52:43,469  200  http://dnr.alaska.gov/parks/oha/clg/akclg.htm  24.84 kb
2017-10-02 21:52:44,476  200  http://dnr.alaska.gov/parks/oha/designations/geonames.htm#maincontent1  25.71 kb
2017-10-02 21:52:46,694  200  http://www.alaska.gov/akdir1.html  42.38 kb
2017-10-02 21:52:48,340  200  http://dnr.alaska.gov/  43.10 kb
2017-10-02 21:52:49,506  200  http://dnr.alaska.gov/parks/oha/shpo/sec106.htm  30.53 kb
2017-10-02 21:52:50,521  200  http://dnr.alaska.gov/parks/oha/archsurv/permitinvestigate.htm  23.44 kb
2017-10-02 21:52:51,649  200  https://placenames.as.ua.edu/bibliography/  13.14 kb
2017-10-02 21:52:52,557  200  https://placenames.as.ua.edu/staff/  18.18 kb
2017-10-02 21:52:53,352  200  https://placenames.as.ua.edu/funded-research/  14.44 kb
2017-10-02 21:52:54,171  200  https://placenames.as.ua.edu/maps/  13.42 kb
2017-10-02 21:52:54,987  200  https://placenames.as.ua.edu/news/  12.63 kb
2017-10-02 21:52:55,739  200  https://placenames.as.ua.edu/  13.66 kb
2017-10-02 21:52:56,508  200  https://placenames.as.ua.edu/about-2/  14.34 kb
2017-10-02 21:52:58,151  200  https://app.appsflyer.com/id305343404?pid=tumblr_internal&c=signup_page  96.99 kb
2017-10-02 21:52:59,080  200  https://www.tumblr.com/jobs  28.80 kb
2017-10-02 21:52:59,937  200  https://www.tumblr.com/policy  72.05 kb
2017-10-02 21:53:00,836  200  https://www.tumblr.com/forgot_password  91.00 kb
2017-10-02 21:53:01,785  200  https://www.tumblr.com/policy/  72.05 kb
2017-10-02 21:53:03,062  200  http://app.appsflyer.com/com.tumblr?pid=tumblr_internal&c=signup_page  264.67 kb
2017-10-02 21:53:06,571  503  http://www.tvtrip.com/cihDkc4-paris-hotels  0.00 kb
2017-10-02 21:53:09,234  200  http://www.tvtrip.com/ciht25D-san-diego-hotels  0.00 kb
2017-10-02 21:53:13,336  200  http://www.tvtrip.com/cihhCZN-fort-lauderdale-hotels  0.00 kb
2017-10-02 21:53:14,731  503  http://www.tvtrip.com/chicago-hotels/days-inn-lincoln-park-north  0.00 kb
2017-10-02 21:53:17,087  503  http://www.tvtrip.com/cihqvtx-new-york-hotels  0.00 kb
2017-10-02 21:53:18,213  503  http://www.tvtrip.com/cihld1F-myrtle-beach-hotels  0.00 kb
2017-10-02 21:53:19,339  503  http://www.tvtrip.com/san_francisco-hotels/nikko-hotel-san-francisco  0.00 kb
2017-10-02 21:53:20,466  503  http://www.tvtrip.com/cihQxS2-puerto-vallarta-hotels  0.00 kb
2017-10-02 21:53:22,788  404  https://geonames.wordpress.com/2013/06/26/new-map-layout/www.maxmind.com  0.00 kb
2017-10-02 21:53:24,318  200  http://www.expertsfromindia.com/  39.35 kb
2017-10-02 21:53:25,401  200  http://www.rhinocarhire.com/Car-Hire/Switzerland-Car-Hire.aspx  32.58 kb
2017-10-02 21:53:26,691  200  http://www.rhinocarhire.com/Car-Hire/Australia-Car-Hire.aspx  38.73 kb
2017-10-02 21:53:27,866  200  http://www.rhinocarhire.com/Car-Hire/Italy-Car-Hire.aspx  42.63 kb
2017-10-02 21:53:29,387  200  http://www.rhinocarhire.com/Car-Hire/South-Africa-Car-Hire.aspx  34.80 kb
2017-10-02 21:53:30,657  200  http://www.rhinocarhire.com/Car-Hire/Portugal-Car-Hire.aspx  33.17 kb
2017-10-02 21:53:31,813  200  http://www.rhinocarhire.com/Car-Hire/France-Car-Hire.aspx  37.80 kb
2017-10-02 21:53:33,535  200  http://www.petsonestop.com/  13.59 kb
2017-10-02 21:53:33,943  200  http://mailto:contact@buzzvertical.com/  0.00 kb
2017-10-02 21:53:34,526  200  http://www.ameracad.com/  0.85 kb
2017-10-02 21:53:35,048  200  http://www.jobinventory.com/  32.47 kb
2017-10-02 21:53:35,703  200  http://www.landopenhouse.com/  13.61 kb
2017-10-02 21:53:36,677  200  http://recherche-naf.insee.fr/SIRENET_ClassesNaf/6202A.htm  2.73 kb
2017-10-02 21:53:40,819  200  http://hetzner.de/  89.27 kb
2017-10-02 21:53:43,288  200  http://mailto:christophe@boutreux.com/  0.00 kb
2017-10-02 21:53:45,126  200  http://boutreux.com/#contact  22.18 kb
2017-10-02 21:53:47,951  200  http://patronomia.com/  29.29 kb
2017-10-02 21:53:50,550  200  http://boutreux.com/#top  22.18 kb
2017-10-02 21:53:53,205  200  http://boutreux.com/#a-propos  22.18 kb
2017-10-02 21:53:55,663  200  http://boutreux.com/#mentions-legales  22.18 kb
2017-10-02 21:53:56,929  200  http://www.fotosearch.com/photos-images/  22.61 kb
2017-10-02 21:53:57,485  200  http://www.fotosearch.com/waystobuy/  13.12 kb
2017-10-02 21:53:58,024  200  http://www.fotosearch.com/illustration/  20.45 kb
2017-10-02 21:53:58,656  200  http://www.fotosearch.com/asia-images-rf/  31.10 kb
2017-10-02 21:53:59,307  200  http://www.fotosearch.com/american-spirit-images/  32.99 kb
2017-10-02 21:54:00,004  200  http://www.fotosearch.com/video-footage/  21.56 kb
2017-10-02 21:54:00,679  200  http://www.fotosearch.com/big-cheese-photo/  26.21 kb
2017-10-02 21:54:01,504  200  http://www.canstockphoto.com/stock-photo-images/backgrounds.html  87.94 kb
2017-10-02 21:54:03,725  200  http://www.canstockphoto.com/stock-photo-images/architecture.html  88.03 kb
2017-10-02 21:54:04,750  200  http://www.canstockphoto.com/stock-photo-images/accounting.html  86.03 kb
2017-10-02 21:54:05,887  200  http://www.canstockphoto.com/stock-photo-images/antiques.html  87.26 kb
2017-10-02 21:54:06,799  200  http://www.canstockphoto.com/stock-photo-images/arts.html  88.35 kb
2017-10-02 21:54:07,730  200  http://www.canstockphoto.com/stock-photo-images/banking.html  86.85 kb
2017-10-02 21:54:10,246  200  http://aktuelles.wunschwerbung.de/pluspunkte  32.85 kb
2017-10-02 21:54:12,711  200  http://www.wunschwerbung.de/nuernberg/roter-punkt-gleissbuehlstr-11/ss20713?ref=offers  42.99 kb
2017-10-02 21:54:14,707  200  http://www.wunschwerbung.de/nuernberg/egourmery-bahnhofstrasse-27/ss81209?ref=offers  36.93 kb
2017-10-02 21:54:18,066  200  http://www.wunschwerbung.de/nuernberg/pl  123.52 kb
2017-10-02 21:54:23,238  200  https://www.armindiehl-werbung.de/optimierte-haushaltwerbung.html  40.69 kb
2017-10-02 21:54:28,604  200  http://www.prospektverteiler.de/zeitung-austragen-prospekte-werbung-verteilen.html  86.39 kb
2017-10-02 21:54:31,594  200  http://www.wunschwerbung.de/nuernberg/ll  93.10 kb
2017-10-02 21:54:34,561  200  http://www.youtube.com/wunschwerbung/  134.68 kb
2017-10-02 21:54:38,204  200  http://www.hotelrentalgroup.com/locations.htm  48.15 kb
2017-10-02 21:54:39,082  200  https://twitter.com/hotelrentalgrp  146.54 kb
2017-10-02 21:54:39,811  200  http://www.hotelrentalgroup.com/aboutus.htm  23.27 kb
2017-10-02 21:54:40,369  200  http://www.hotelrentalgroup.com/login.htm  22.03 kb
2017-10-02 21:54:41,008  200  http://www.hotelrentalgroup.com/United-States-of-America-Hotel-Reservations/New-York-New-York-Hotels/The-Roosevelt-Hotel-New-York-City.htm  45.10 kb
2017-10-02 21:54:41,733  200  http://www.hotelrentalgroup.com/United-States-of-America-Hotel-Reservations/New-York-New-York-Hotels/Park-Central-New-York-Hotel.htm  40.65 kb
2017-10-02 21:54:42,399  200  http://www.hotelrentalgroup.com/privacy-policy.htm  23.60 kb
2017-10-02 21:54:44,577  200  http://www.offices.net/ca/downtown-los-angeles/  81.25 kb
2017-10-02 21:54:45,310  200  http://www.offices.net/al/  31.04 kb
2017-10-02 21:54:45,987  200  http://www.offices.net/ca/palo-alto/  50.49 kb
2017-10-02 21:54:46,679  200  http://www.offices.net/al/birmingham/  50.35 kb
2017-10-02 21:54:47,422  200  http://www.offices.net/ca/irvine/  118.82 kb
2017-10-02 21:54:48,421  200  http://www.offices.net/ca/  617.59 kb
2017-10-02 21:54:50,288  200  http://www.rentalcargroup.com/ge/  71.10 kb
2017-10-02 21:54:52,111  200  http://www.rentalcargroup.com/hr/  71.07 kb
2017-10-02 21:54:54,005  200  http://www.rentalcargroup.com/hu/  71.96 kb
2017-10-02 21:54:55,893  200  http://www.rentalcargroup.com/da/  71.05 kb
2017-10-02 21:54:57,342  200  http://blog.rentalcargroup.com/  80.29 kb
2017-10-02 21:54:58,973  200  http://www.rentalcargroup.com/ms/  71.12 kb
2017-10-02 21:55:00,308  200  https://www.youtube.com/channel/UCpiWNOyWoi_MsHA8gUaHVfQ  112.91 kb
2017-10-02 21:55:03,996  200  http://www.rentalcargroup.com/du/  71.15 kb
2017-10-02 21:55:05,436  200  http://twitter.com/#!/rentalcargroup  316.18 kb
2017-10-02 21:55:06,882  200  http://www.startwire.com/  77.24 kb
2017-10-02 21:55:08,812  200  http://www.getmarinebiologyjobs.com/  30.92 kb
2017-10-02 21:55:10,068  200  https://get.it/about/  17.86 kb
2017-10-02 21:55:10,859  200  http://www.getvaldostarentals.com/  26.40 kb
2017-10-02 21:55:11,605  200  http://www.getit.me/#platform  21.73 kb
2017-10-02 21:55:12,227  200  http://www.getit.me/#blog  21.73 kb
2017-10-02 21:55:12,802  200  https://get.it/blog/get-it-get-it/  14.33 kb
2017-10-02 21:55:14,242  200  http://www.getcivilengineeringjobs.com/  30.45 kb
2017-10-02 21:55:15,239  200  http://www.getit.me/#contact  21.73 kb
2017-10-02 21:55:16,143  200  https://twitter.com/GetItLLC  232.53 kb
2017-10-02 21:55:17,981  200  http://www.gettruckingjobs.com/  28.82 kb
2017-10-02 21:55:20,556  200  http://www.getphotographyjobs.com/  31.28 kb
2017-10-02 21:55:21,748  200  http://www.getit.me/#top  21.73 kb
2017-10-02 21:55:22,504  200  http://www.getit.me/#partners  21.73 kb
2017-10-02 21:55:23,213  200  http://www.getit.me/#community  21.73 kb
2017-10-02 21:55:24,078  200  http://www.gettulsacars.com/  25.58 kb
2017-10-02 21:55:24,746  200  http://www.getit.me/#careers  21.73 kb
2017-10-02 21:55:27,975  200  https://www.titanweb.com.au/our-clients/videos/  51.73 kb
2017-10-02 21:55:32,521  200  https://www.titanweb.com.au/web-design/  49.87 kb
2017-10-02 21:55:37,278  200  https://www.titanweb.com.au/our-clients/portfolio/  52.47 kb
2017-10-02 21:55:41,735  200  https://www.titanweb.com.au/who-we-are/our-process/  39.77 kb
2017-10-02 21:55:45,730  200  https://www.titanweb.com.au/e-commerce-website-design-perth/  39.82 kb
2017-10-02 21:55:50,313  200  https://www.titanweb.com.au/  77.59 kb
2017-10-02 21:55:55,050  200  https://www.titanweb.com.au/online-video-commercial/  41.53 kb
2017-10-02 21:55:58,600  200  https://www.youtube.com/channel/UCOpNcN46UbXVtpKMrmU4Abg  670.27 kb
2017-10-02 21:56:07,935  200  https://www.youtube.com/channel/UClgRkhTL3_hImCAmdLfDE4g  607.66 kb
2017-10-02 21:56:21,313  200  https://www.youtube.com/feed/history  78.26 kb
2017-10-02 21:56:24,721  200  https://www.youtube.com/channel/UCBR8-60-B28hp2BmDPdntcQ  705.79 kb
2017-10-02 21:56:31,464  200  https://www.youtube.com/channel/UCzuqhhs6NWbgTzMuM09WKDQ  678.57 kb
2017-10-02 21:56:38,430  200  http://www.tagzania-blog.com/  9.16 kb
2017-10-02 21:56:40,517  200  http://www.tagzania.com/pt/paris-france/  62.70 kb
2017-10-02 21:56:41,838  200  http://www.tagzania.com/map/skyscraper-taipei-101/  13.95 kb
2017-10-02 21:56:43,394  200  http://www.tagzania.com/pt/celebrity-creations-ltd/  52.83 kb
2017-10-02 21:56:45,067  200  http://www.tagzania.com/map/bigarren-blogsbikes-topaketa/  26.47 kb
2017-10-02 21:56:46,733  200  http://www.tagzania.com/map/mundial-formula-1-circuits/  101.15 kb
2017-10-02 21:56:49,420  200  http://www.tagzania.com/pt/las-vegas/  62.78 kb
2017-10-02 21:56:51,658  200  http://www.tagzania.com/pt/staff-trader/  68.75 kb
2017-10-02 21:56:53,295  200  http://twitter.com/tagzania  331.79 kb
2017-10-02 21:56:56,651  200  http://www.tagzania.com/pt/los-canales-de-venecia/  58.56 kb
2017-10-02 21:56:58,072  200  http://www.tagzania.com/signup/  8.77 kb
2017-10-02 21:57:00,552  200  http://www.tagzania-services.com/  94.51 kb
2017-10-02 21:57:02,663  200  http://ciberderechos.barrapunto.com/journal.pl?op=top  30.41 kb
2017-10-02 21:57:03,791  200  http://barrapunto.com/ciberderechos/06/03/03/1814255.shtml#main-articles  33.29 kb
2017-10-02 21:57:05,807  200  http://especiales.barrapunto.com/  71.42 kb
2017-10-02 21:57:07,114  200  http://americas.barrapunto.com/  83.47 kb
2017-10-02 21:57:08,068  200  http://ciberderechos.barrapunto.com/faq/accounts.shtml#ac050  27.85 kb
2017-10-02 21:57:09,402  200  http://barrapunto.com/ciberderechos/06/03/03/1814255.shtml#blocks  33.29 kb
2017-10-02 21:57:10,287  200  http://ciberderechos.barrapunto.com/login.pl?op=newuserform  16.13 kb
2017-10-02 21:57:11,477  200  http://ciencia.barrapunto.com/  66.17 kb
2017-10-02 21:57:13,071  200  http://www.techcrunch.com/  339.83 kb
2017-10-02 21:57:14,313  200  http://www.techcrunch.com/rssfeeds/  78.07 kb
2017-10-02 21:57:16,415  200  https://flipboard.com/@techcrunch  253.95 kb
2017-10-02 21:57:17,840  200  http://www.techcrunch.com/got-a-tip/  73.41 kb
2017-10-02 21:57:19,410  200  https://twitter.com/techcrunch  346.61 kb
2017-10-02 21:57:20,835  200  http://blog.programmableweb.com/news/how-to-use-proactive-suggestions-ios-10/how-to/2017/02/03  105.92 kb
2017-10-02 21:57:21,549  200  http://blog.programmableweb.com/news/google-finalizes-android-n-apis-and-sdk/2016/06/15  103.35 kb
2017-10-02 21:57:22,258  200  http://blog.programmableweb.com/api/google-maps  112.53 kb
2017-10-02 21:57:22,999  200  http://blog.programmableweb.com/news/hitch-aims-to-improve-engagement-between-api-providers-and-developers/2016/05/10  106.68 kb
2017-10-02 21:57:23,783  200  http://blog.programmableweb.com/category/all/news  373.36 kb
2017-10-02 21:57:24,828  200  http://blog.programmableweb.com/category/all/news?articletypes=analysis,news  374.64 kb
2017-10-02 21:57:25,802  200  http://blog.programmableweb.com/2012/05/23/123-database-apis-geonames-freebase-and-yahoo-query-language/#main-content  124.52 kb
2017-10-02 21:57:26,562  200  http://blog.programmableweb.com/news/getting-started-server-side-swift-using-vapor-web-framework/how-to/2017/03/09  107.48 kb
2017-10-02 21:57:27,318  200  http://blog.programmableweb.com/api/yahoo-weather  109.58 kb
2017-10-02 21:57:28,291  404  http://visibleearth.nasa.gov/view_rec.php?id=116  0.00 kb
2017-10-02 21:57:28,999  404  http://www.lilleriumpoppinstremens.blogspot.com/  0.00 kb
2017-10-02 21:57:30,746  200  http://t.umblr.com/redirect?z=https://on.doi.gov/yosemite&t=MmY3OWNmYTM4YzlmNDhkNzUyZjA1ODA1Y2VjZDRmNmI0NjE3YzA5NixnSjAxODlxNw%3D%3D&b=t:demBePI6AU__Sn1GSG5g6w&p=https://americasgreatoutdoors.tumblr.com/post/165934280024/happy-birthday-yosemite-national-park-on-october&m=1  0.30 kb
2017-10-02 21:57:31,258  200  http://ladyofthelakedesign.com/  4.82 kb
2017-10-02 21:57:31,814  200  http://obits.coloradogravestones.org/  5.81 kb
2017-10-02 21:57:32,265  200  http://www.usgwtombstones.org/colorado/colorado.html  8.76 kb
2017-10-02 21:57:33,978  200  http://www.freefind.com/  25.64 kb
2017-10-02 21:57:34,392  200  http://usgenweb.org/about/ammendments.html  18.58 kb
2017-10-02 21:57:34,694  200  http://usgenweb.org/about/specialrules.html  17.51 kb
2017-10-02 21:57:35,438  200  http://genevents.genwebsite.org/  1.64 kb
2017-10-02 21:57:36,867  200  http://usgwarchives.net/maps/  7.35 kb
2017-10-02 21:57:37,181  200  http://usgenweb.org/about/advisoryboard.html  19.95 kb
2017-10-02 21:57:37,630  200  http://www.usgwcensus.org/  11.25 kb
2017-10-02 21:57:38,001  200  http://usgenweb.org/index.html  26.59 kb
2017-10-02 21:57:38,361  200  http://usgenweb.org/about/statecoordinators.html  33.72 kb
2017-10-02 21:57:38,705  200  http://usgwarchives.net/  18.25 kb
2017-10-02 21:57:39,035  200  http://usgenweb.org/contact.html  14.96 kb
2017-10-02 21:57:39,293  200  http://usgwarchives.net/census/  6.34 kb
2017-10-02 21:57:39,652  200  http://usgwarchives.net/court/  5.24 kb
2017-10-02 21:57:40,045  200  http://www.cod.edu/teleconf/digital-treasures/Index.htm  1.58 kb
2017-10-02 21:57:41,493  200  http://www.colorado.gov/dpa/doit/archives/history/histfaqs.htm  61.85 kb
2017-10-02 21:57:43,207  410  http://cokidsgenweb.spaces.live.com/  0.00 kb
2017-10-02 21:57:44,400  200  http://mailto:mary.schaff@sos.wa.gov/  0.00 kb
2017-10-02 21:57:47,632  200  http://americannamesociety.org/  28.13 kb
2017-10-02 21:57:50,725  200  http://mailto:rsinclai@uiuc.edu/  0.00 kb
2017-10-02 21:57:51,661  200  http://www.nrcan.gc.ca/earth-sciences/about/organization/organization-structure/geographical-names-board-of-canada/5743  29.62 kb
2017-10-02 21:57:53,367  200  http://www.cacgn.ca.gov/  66.81 kb
2017-10-02 21:57:54,566  200  http://mailto:arthur.j.buto@hawaii.gov/  0.00 kb
2017-10-02 21:57:56,690  200  http://planning.hawaii.gov/gis/hbgn  40.69 kb
2017-10-02 21:57:58,362  200  http://mailto:onomast1@gmail.com/  0.00 kb
2017-10-02 21:58:07,833  200  http://mailto:sara.morrison@wildlife.ca.gov/  0.00 kb
2017-10-02 21:58:09,071  200  http://mailto:bekki.white@arkansas.gov/  0.00 kb
2017-10-02 21:58:10,224  200  http://www.dos.state.fl.us/offices/  19.47 kb
2017-10-02 21:58:10,789  200  http://www.dos.state.fl.us/about-the-department/annual-regulatory-plans/  18.48 kb
2017-10-02 21:58:11,497  200  http://www.dos.state.fl.us/offices/administrative-code-and-register/  19.63 kb
2017-10-02 21:58:12,254  200  http://www.dos.state.fl.us/about-the-department/flag-and-seal-protocol/  21.21 kb
2017-10-02 21:58:12,961  200  http://www.dos.state.fl.us/about-the-department/office-of-the-secretary/  21.30 kb
2017-10-02 21:58:15,046  200  http://www.arkansasresearch.com/Statewide/Land/LandRecords.htm  5.52 kb
2017-10-02 21:58:15,557  200  http://www.arkansasresearch.com/Statewide/Mortality.htm  9.74 kb
2017-10-02 21:58:18,298  200  http://www.ca.gov/#locationSettings  99.19 kb
2017-10-02 21:58:22,043  200  http://www.ca.gov/#main-content  99.15 kb
2017-10-02 21:58:28,069  200  https://alaskadonorregistry.org/ADRPublic/  11.07 kb
2017-10-02 21:58:29,356  200  http://mailto:kayla.gail.anthony@gmail.com/  0.00 kb
2017-10-02 21:58:31,978  404  http://www.aag.org/annualmeetings  0.00 kb
2017-10-02 21:58:33,975  200  https://www.apple.com/us/shop/goto/bag  77.39 kb
2017-10-02 21:58:35,138  200  https://www.apple.com/ipad/  47.52 kb
2017-10-02 21:58:35,749  200  https://www.apple.com/us/search  127.35 kb
2017-10-02 21:58:36,310  200  http://www.apple.com/itunes/charts/  72.38 kb
2017-10-02 21:58:37,012  200  https://www.apple.com/tv/  36.53 kb
2017-10-02 21:58:37,535  200  https://support.apple.com/  58.98 kb
2017-10-02 21:58:38,251  200  https://www.apple.com/iphone/  48.10 kb
2017-10-02 21:58:39,569  200  https://app.appsflyer.com/id305343404?pid=tumblr_internal&c=signup_page#ac-gn-menustate  96.99 kb
2017-10-02 21:58:40,503  200  https://www.apple.com/  44.95 kb
2017-10-02 21:58:41,170  200  http://www.apple.com/itunes/overview/  43.60 kb
2017-10-02 21:58:41,732  200  https://www.apple.com/music/  45.60 kb
2017-10-02 21:58:42,494  200  http://boards.greenhouse.io/tumblr/jobs/775224?gh_jid=775224  47.26 kb
2017-10-02 21:58:43,400  200  http://boards.greenhouse.io/tumblr/jobs/776542?gh_jid=776542  48.56 kb
2017-10-02 21:58:45,089  200  http://boards.greenhouse.io/tumblr/jobs/471488?gh_jid=471488  50.62 kb
2017-10-02 21:58:46,454  200  http://www.onemedical.com/  5.87 kb
2017-10-02 21:58:47,734  200  https://www.oath.com/our-brands/  132.49 kb
2017-10-02 21:58:48,988  404  http://app.appsflyer.com/store/movies/category/FAMILY  0.00 kb
2017-10-02 21:58:50,242  404  http://app.appsflyer.com/store/movies  0.00 kb
2017-10-02 21:58:52,289  404  http://app.appsflyer.com/store/movies/collection/promotion_collections_movie_studios  0.00 kb
2017-10-02 21:58:53,227  404  http://app.appsflyer.com/store/apps/category/GAME  0.00 kb
2017-10-02 21:58:54,617  200  http://www.expertsfromindia.com/hire-sharepoint-developers-programmers.htm  28.41 kb
2017-10-02 21:58:55,604  200  http://www.expertsfromindia.com/hire-dedicated-developer.htm  30.26 kb
2017-10-02 21:58:56,438  200  http://www.expertsfromindia.com/sitemap.htm  27.05 kb
2017-10-02 21:58:57,415  200  http://www.expertsfromindia.com/ecommerce-application-development.htm  23.84 kb
2017-10-02 21:58:58,598  200  http://www.expertsfromindia.com/outsourcing-services.htm  25.86 kb
2017-10-02 21:58:59,527  200  http://www.expertsfromindia.com/open-source-customization.htm  26.26 kb
2017-10-02 21:59:00,425  200  http://www.expertsfromindia.com/csharp.htm  24.76 kb
2017-10-02 21:59:01,389  200  http://www.expertsfromindia.com/virtuemart_development.htm  24.04 kb
2017-10-02 21:59:02,276  200  http://www.expertsfromindia.com/crm-development.htm  24.56 kb
2017-10-02 21:59:04,123  200  http://www2.ed.gov/about/overview/focus/online-services.html  26.04 kb
2017-10-02 21:59:05,680  200  http://www.jobinventory.com/local-jobs/state/Florida  32.12 kb
2017-10-02 21:59:06,324  200  http://www.jobinventory.com/account-sign-in.html  26.96 kb
2017-10-02 21:59:07,134  200  http://www.jobinventory.com/local-jobs/state/Delaware  32.23 kb
2017-10-02 21:59:09,010  200  http://www.jobinventory.com/local-jobs/state/California  32.28 kb
2017-10-02 21:59:10,330  200  http://www.jobinventory.com/local-jobs/state/Alabama  32.34 kb
2017-10-02 21:59:11,548  200  http://www.jobinventory.com/local-jobs/state/Arizona  32.28 kb
2017-10-02 21:59:12,547  200  http://www.jobinventory.com/local-jobs/state/Louisiana  32.40 kb
2017-10-02 21:59:13,600  200  http://www.jobinventory.com/local-jobs/state/Alaska  32.06 kb
2017-10-02 21:59:14,646  200  http://www.jobinventory.com/local-jobs/state/Idaho  32.44 kb
2017-10-02 21:59:15,454  200  http://recherche-naf.insee.fr/SIRENET_ClassesNaf\620.htm  2.34 kb
2017-10-02 21:59:16,123  200  http://recherche-naf.insee.fr/SIRENET_ClassesNaf\62.htm  2.54 kb
2017-10-02 21:59:16,827  200  http://recherche-naf.insee.fr/SIRENET_ClassesNaf\j.htm  5.45 kb
2017-10-02 21:59:17,682  200  http://recherche-naf.insee.fr/SIRENET_ClassesNaf\6202.htm  3.07 kb
2017-10-02 21:59:22,195  200  http://hetzner.de/sslzertifikate  102.05 kb
2017-10-02 21:59:28,241  200  http://hetzner.de/cloud/private-cloud  98.19 kb
2017-10-02 21:59:35,778  200  http://hetzner.de/domainregistration  264.29 kb
2017-10-02 21:59:44,585  200  http://hetzner.de/dedicated-rootserver/matrix-px  391.99 kb
2017-10-02 21:59:53,120  200  http://hetzner.de/managed-server  333.16 kb
2017-10-02 22:00:00,422  200  http://hetzner.de/dedicated-rootserver/matrix-dell  186.98 kb
2017-10-02 22:00:07,763  200  http://hetzner.de/colocation  145.62 kb
2017-10-02 22:00:13,356  200  http://hetzner.de/dedicated-rootserver  83.12 kb
2017-10-02 22:00:19,730  200  http://hetzner.de/storage-box  203.59 kb
2017-10-02 22:00:25,755  200  http://www.patrimonia.fr/  48.57 kb
2017-10-02 22:00:28,282  200  http://patronomia.com/#genealogie-successorale  29.29 kb
2017-10-02 22:00:30,919  200  http://patronomia.com/#a-propos  29.29 kb
2017-10-02 22:00:33,521  200  http://patronomia.com/#mentions-legales  29.29 kb
2017-10-02 22:00:37,529  200  http://patronomia.com/#genealogie-familiale  29.29 kb
2017-10-02 22:00:39,282  200  http://mailto:contact@patronomia.com/  0.00 kb
2017-10-02 22:00:40,897  200  http://patronomia.com/#top  29.29 kb
2017-10-02 22:00:44,836  200  http://www.roterpunkt.de/  45.66 kb
2017-10-02 22:00:47,067  200  http://egourmery.de/  35.53 kb
2017-10-02 22:00:51,527  200  https://www.armindiehl-werbung.de/impressum.html  44.81 kb
2017-10-02 22:00:56,492  200  https://www.armindiehl-werbung.de/warenproben-verteilen.html  43.88 kb
2017-10-02 22:01:00,212  200  https://www.armindiehl-werbung.de/exquisite-prospektverteilung-wochenanfang.html  37.54 kb
2017-10-02 22:01:03,848  200  https://www.armindiehl-werbung.de/plakatwerbung-aussenwerbung-nuernberg-fuerth-erlangen.html  50.36 kb
2017-10-02 22:01:09,311  200  https://www.armindiehl-werbung.de/  46.17 kb
2017-10-02 22:01:11,477  200  https://www.prospektverteiler.de/zeitung-austragen-prospekte-verteilen.html  67.33 kb
2017-10-02 22:01:13,753  200  https://www.prospektverteiler.de/zustellerbedarf.html  71.37 kb
2017-10-02 22:01:16,236  200  https://www.prospektverteiler.de/zeitung-austragen-prospekte-verteilen/erlangen-hoechstadt.html  100.51 kb
2017-10-02 22:01:20,607  200  https://www.prospektverteiler.de/selektive-prospektverteilung.html  60.51 kb
2017-10-02 22:01:22,839  200  https://www.prospektverteiler.de/news.html  66.54 kb
2017-10-02 22:01:25,591  200  https://www.prospektverteiler.de/team.html  55.48 kb
2017-10-02 22:01:26,969  200  http://techcrunch.com/2012/01/13/hate-when-companies-dont-provide-feedback-on-job-applications-startwire-is-for-you/  133.24 kb
2017-10-02 22:01:28,140  200  http://online.wsj.com/article/SB10001424052702303506404577448641680079100.html  964.12 kb
2017-10-02 22:01:29,099  200  http://www.startwire.com/about_us  58.93 kb
2017-10-02 22:01:30,090  200  http://mashable.com/2012/01/10/startwire/  105.77 kb
2017-10-02 22:01:31,013  200  http://www.startwire.com/blog  33.86 kb
2017-10-02 22:01:33,217  200  http://get.adobe.com/flashplayer/  25.32 kb
2017-10-02 22:01:35,191  200  http://www.startwire.com/advertise  67.99 kb
2017-10-02 22:01:35,997  200  http://www.networkadvertising.org/choices  5.66 kb
2017-10-02 22:01:36,600  200  http://mailto:privacy@startdatelabs.com/  0.00 kb
2017-10-02 22:01:38,407  200  http://www.getmarinebiologyjobs.com/resources/  18.08 kb
2017-10-02 22:01:40,626  200  http://www.getmarinebiologyjobs.com/privacy.php  15.86 kb
2017-10-02 22:01:43,202  200  http://www.getmarinebiologyjobs.com/research-technician-for-a-zebrafish-laboratory-new-haven-connecticut-143724680.htm  62.73 kb
2017-10-02 22:01:45,516  200  http://www.getmarinebiologyjobs.com/s-Marine-Biologist-jobs.html  55.41 kb
2017-10-02 22:01:49,265  200  http://www.getmarinebiologyjobs.com/s-Biology-jobs.html  50.63 kb
2017-10-02 22:01:51,302  200  http://www.getmarinebiologyjobs.com/resources/the-blog-aquatic-72883.html  12.18 kb
2017-10-02 22:01:53,913  200  http://www.getmarinebiologyjobs.com/gnaraloo-turtle-conservation-program-program-assistant-2016-17-australia-89606185.htm  71.09 kb
2017-10-02 22:01:56,128  200  http://www.getmarinebiologyjobs.com/job-seekers/job-search.php  44.66 kb
2017-10-02 22:01:58,005  200  https://get.it/#community  21.73 kb
2017-10-02 22:01:58,482  200  https://get.it/#partners  21.73 kb
2017-10-02 22:01:59,031  200  https://get.it/  21.73 kb
2017-10-02 22:01:59,610  200  https://get.it/#platform  21.73 kb
2017-10-02 22:02:00,116  200  https://get.it/#careers  21.73 kb
2017-10-02 22:02:00,691  200  https://get.it/#blog  21.73 kb
2017-10-02 22:02:01,196  200  https://get.it/about/#contact  17.86 kb
2017-10-02 22:02:01,928  200  http://www.getvaldostarentals.com/4-br-3ba-home-for-rent-valdosta-ga-2355483.html  17.61 kb
2017-10-02 22:02:02,939  200  http://www.getvaldostarentals.com/4br-home-for-rent-valdosta-ga-2355542.html  17.35 kb
2017-10-02 22:02:04,345  200  http://www.getvaldostarentals.com/2-br-2-ba-home-for-rent-near-schools-valdosta-ga-2355732.html  17.45 kb
2017-10-02 22:02:05,969  200  http://www.getvaldostarentals.com/4-br-3-ba-home-available-for-rent-valdosta-ga-2355824.html  17.58 kb
2017-10-02 22:02:07,677  200  http://www.getvaldostarentals.com/home-for-lease-valdosta-ga-2355377.html  17.41 kb
2017-10-02 22:02:09,165  200  http://www.getvaldostarentals.com/account-sign-in  8.40 kb
2017-10-02 22:02:10,315  200  http://www.getvaldostarentals.com/2-bedroom-1-bathroom-house-valdosta-ga-2355403.html  17.43 kb
2017-10-02 22:02:11,970  200  http://www.getvaldostarentals.com/1br-apt-large-pet-friendly--valdosta-ga-2356266.html  17.65 kb
2017-10-02 22:02:14,702  200  http://www.getcivilengineeringjobs.com/junior-civil-engineer-civil-land-development-projects-fresno-california-76467599.htm  72.77 kb
2017-10-02 22:02:18,003  200  http://www.getcivilengineeringjobs.com/s-Jr-Civil-Engineer-jobs.html  56.02 kb
2017-10-02 22:02:20,824  200  http://www.getcivilengineeringjobs.com/privacy.php  16.05 kb
2017-10-02 22:02:25,511  200  http://www.getcivilengineeringjobs.com/water-resources-engineer-hydrologic-and-hydraulic-modeling-sacramento-sacramento-california-97121470.htm  66.70 kb
2017-10-02 22:02:29,131  200  http://www.getcivilengineeringjobs.com/employers/post-job.php  36.43 kb
2017-10-02 22:02:33,214  200  http://www.getcivilengineeringjobs.com/browse-all-jobs.php  49.30 kb
2017-10-02 22:02:36,612  200  http://www.gettruckingjobs.com/delivery-driver-maple-grove-osseo-minnesota-144468161.htm  68.32 kb
2017-10-02 22:02:39,417  200  http://www.gettruckingjobs.com/employers/post-job.php  36.19 kb
2017-10-02 22:02:41,575  200  http://www.gettruckingjobs.com/job-seekers/job-search.php  44.52 kb
2017-10-02 22:02:44,334  200  http://www.gettruckingjobs.com/success-stories.php  11.23 kb
2017-10-02 22:02:46,945  200  http://www.gettruckingjobs.com/browse-all-jobs.php  49.09 kb
2017-10-02 22:02:52,269  200  http://www.gettruckingjobs.com/truck-drivers-otr-133753754.htm  61.35 kb
2017-10-02 22:02:56,326  200  http://www.getphotographyjobs.com/s-Studio-Photographer-jobs.html  56.05 kb
2017-10-02 22:02:59,799  200  http://www.getphotographyjobs.com/s-Sports-Photographer-jobs.html  56.12 kb
2017-10-02 22:03:03,119  200  http://www.getphotographyjobs.com/employers/login.php  10.88 kb
2017-10-02 22:03:05,560  200  http://www.getphotographyjobs.com/job-seekers/job-search.php  44.74 kb
2017-10-02 22:03:07,351  200  http://www.getphotographyjobs.com/resources/  24.77 kb
2017-10-02 22:03:10,230  200  http://www.getphotographyjobs.com/fashion-magazine-photography-internships-2015-philadelphia-campbell-hall-new-york-71051124.htm  75.16 kb
2017-10-02 22:03:12,434  200  http://www.gettulsacars.com/2007-bmw-328-tulsa-ok-2355402.html  17.03 kb
2017-10-02 22:03:13,776  200  http://www.gettulsacars.com/hyundai-accent-tulsa-ok-2355733.html  16.75 kb
2017-10-02 22:03:14,930  200  http://www.gettulsacars.com/popular-searches.html  16.08 kb
2017-10-02 22:03:21,041  200  https://www.mojomarketplace.com/themes/wordpress/responsive?utm_source=mojo_wp_plugin&utm_campaign=mojo_wp_plugin&utm_medium=plugin_landing&utm_content=responsive_themes  396.71 kb
2017-10-02 22:03:29,889  200  https://www.mojomarketplace.com/explore?utm_source=mojo_wp_plugin&utm_campaign=mojo_wp_plugin&utm_medium=plugin_landing&utm_content=explore_mojo  112.52 kb
2017-10-02 22:03:34,487  200  https://www.mojomarketplace.com/affiliates?utm_source=mojo_wp_plugin&utm_campaign=mojo_wp_plugin&utm_medium=plugin_landing&utm_content=mojo_affiliates  111.36 kb
2017-10-02 22:03:43,348  200  https://www.mojomarketplace.com/themes/wordpress/business?utm_source=mojo_wp_plugin&utm_campaign=mojo_wp_plugin&utm_medium=plugin_landing&utm_content=business_themes  396.78 kb
2017-10-02 22:03:49,265  200  http://www.tagzania-blog.com/wp-login.php  2.55 kb
2017-10-02 22:03:52,060  404  https://www.mojomarketplace.com/item/wordpress-theme-training?utm_source=mojo_wp_plugin&utm_campaign=mojo_wp_plugin&utm_medium=plugin_landing&utm_content=wp_theme_training_service  0.00 kb
2017-10-02 22:03:59,578  200  https://www.mojomarketplace.com/?utm_source=mojo_wp_plugin&utm_campaign=mojo_wp_plugin&utm_medium=plugin_landing&utm_content=about_mojo  1804.88 kb
2017-10-02 22:04:31,989  200  https://www.mojomarketplace.com/themes/wordpress/blog?utm_source=mojo_wp_plugin&utm_campaign=mojo_wp_plugin&utm_medium=plugin_landing&utm_content=blog_themes  396.59 kb
2017-10-02 22:04:41,499  200  https://www.mojomarketplace.com/item/backup-your-wordpress-website?utm_source=mojo_wp_plugin&utm_campaign=mojo_wp_plugin&utm_medium=plugin_landing&utm_content=website_backup_service  178.87 kb
2017-10-02 22:04:50,755  200  https://www.mojomarketplace.com/item/make-my-wordpress-site-look-like-the-theme-demo?utm_source=mojo_wp_plugin&utm_campaign=mojo_wp_plugin&utm_medium=plugin_landing&utm_content=theme_demo_service  180.55 kb
2017-10-02 22:04:57,310  200  https://www.mojomarketplace.com/explore?utm_source=mojo_wp_plugin&utm_campaign=mojo_wp_plugin&utm_medium=plugin_landing&utm_content=description_link  112.52 kb
2017-10-02 22:05:01,689  200  http://www.booking.com/searchresults.html?aid=316513&latitude=48.844745636&longitude=2.2838640213&radius=50;order=distance  437.07 kb
2017-10-02 22:05:04,102  200  http://www.statcounter.com/  24.33 kb
2017-10-02 22:05:06,770  200  http://www.booking.com/searchresults.html?aid=316513&latitude=51.4846475&longitude=0.1057444&radius=50;order=distance  408.90 kb
2017-10-02 22:05:10,247  200  http://www.booking.com/searchresults.html?aid=316513&latitude=36.1666984558&longitude=-115.144996643&radius=50;order=distance  422.33 kb
2017-10-02 22:05:13,682  200  http://www.booking.com/searchresults.html?aid=316513&latitude=39.7185249&longitude=-104.9530741&radius=50;order=distance  420.10 kb
2017-10-02 22:05:17,435  200  http://www.booking.com/searchresults.html?aid=316513&latitude=45.4380912781&longitude=12.3326683044&radius=50;order=distance  425.31 kb
2017-10-02 22:05:21,316  200  http://www.tagzania-services.com/archives/8  58.26 kb
2017-10-02 22:05:23,984  200  http://www.tagzania-services.com/archives/9  58.41 kb
2017-10-02 22:05:26,755  200  http://www.tagzania-services.com/#content  94.51 kb
2017-10-02 22:05:29,424  200  http://www.tagzania-services.com/archives/12  58.31 kb
2017-10-02 22:05:32,037  200  http://www.tagzania-services.com/archives/13  58.35 kb
2017-10-02 22:05:35,304  200  https://flipboard.com/topic/tesla  290.05 kb
2017-10-02 22:05:36,602  200  https://flipboard.com/topic/amazonwebservices  187.76 kb
2017-10-02 22:05:37,363  200  https://flipboard.com/topic/cisco  178.95 kb
2017-10-02 22:05:38,257  200  https://flipboard.com/topic/venturecapital  195.71 kb
2017-10-02 22:05:39,002  200  https://flipboard.com/topic/internetofthings  219.83 kb
2017-10-02 22:05:40,443  200  https://flipboard.com/topic/augmentedreality  237.93 kb
2017-10-02 22:05:41,328  200  https://flipboard.com/topic/ajitpai  204.60 kb
2017-10-02 22:05:42,344  200  http://ladyofthelakedesign.com/index.html  4.82 kb
2017-10-02 22:05:42,604  404  http://ladyofthelakedesign.com/Web.html  0.00 kb
2017-10-02 22:05:42,816  404  http://ladyofthelakedesign.com/About.html  0.00 kb
2017-10-02 22:05:43,002  404  http://ladyofthelakedesign.com/photoPort.html  0.00 kb
2017-10-02 22:05:43,224  404  http://ladyofthelakedesign.com/photo.html  0.00 kb
2017-10-02 22:05:43,464  404  http://ladyofthelakedesign.com/contact.html  0.00 kb
2017-10-02 22:05:44,430  200  https://www.frontrange.edu/  102.58 kb
2017-10-02 22:05:45,095  404  http://ladyofthelakedesign.com/WebPort.html  0.00 kb
2017-10-02 22:05:45,371  200  http://obits.coloradogravestones.org/index.php?searchtype=advsearch  6.11 kb
2017-10-02 22:05:45,709  200  http://obits.coloradogravestones.org/view.php?id=8911  0.84 kb
2017-10-02 22:05:45,977  200  http://obits.coloradogravestones.org/view.php?id=8913  0.82 kb
2017-10-02 22:05:46,249  200  http://obits.coloradogravestones.org/view.php?id=8912  1.42 kb
2017-10-02 22:05:46,517  200  http://obits.coloradogravestones.org/view.php?id=8915  0.84 kb
2017-10-02 22:05:46,784  200  http://obits.coloradogravestones.org/view.php?id=8917  4.31 kb
2017-10-02 22:05:47,147  200  http://obits.coloradogravestones.org/index.php  5.81 kb
2017-10-02 22:05:47,456  200  http://obits.coloradogravestones.org/view.php?id=8916  3.03 kb
2017-10-02 22:05:47,724  200  http://obits.coloradogravestones.org/view.php?id=8920  0.84 kb
2017-10-02 22:05:48,170  200  http://www.usgwtombstones.org/colorado/arapahoe.html  10.93 kb
2017-10-02 22:05:48,503  200  http://mailto:sasusm@gmail.com/  0.00 kb
2017-10-02 22:05:49,713  200  http://www.usgwarchives.net/co/costones/  51.85 kb
2017-10-02 22:05:50,278  200  http://www.usgwtombstones.org/colorado/archuleta.html  9.23 kb
2017-10-02 22:05:50,609  200  http://www.usgwtombstones.org/colorado/denver.html  13.42 kb
2017-10-02 22:05:51,073  200  http://www.usgwtombstones.org/colorado/alamosa.html  5.87 kb
2017-10-02 22:05:51,535  200  http://www.usgwtombstones.org/colorado/boulder.html  17.61 kb
2017-10-02 22:05:52,042  200  http://www.usgwtombstones.org/colorado/costilla.html  12.92 kb
2017-10-02 22:05:52,537  200  http://www.usgwtombstones.org/colorado/broomfield.html  5.39 kb
2017-10-02 22:05:52,857  200  http://www.usgwtombstones.org/colorado/baca.html  10.78 kb
2017-10-02 22:05:53,515  200  http://www.usgwtombstones.org/colorado/crowley.html  6.06 kb
2017-10-02 22:05:54,608  200  http://www.freefind.com/library/ref/faq/  10.01 kb
2017-10-02 22:05:55,185  200  http://www.freefind.com/policy.html  10.33 kb
2017-10-02 22:05:55,758  200  http://www.freefind.com/contact.html  30.39 kb
2017-10-02 22:05:56,375  200  http://www.freefind.com/plans.html  11.66 kb
2017-10-02 22:05:57,875  200  http://www.freefind.com/control.html  9.36 kb
2017-10-02 22:05:59,206  200  http://www.freefind.com/library/  14.84 kb
2017-10-02 22:05:59,772  200  http://genevents.genwebsite.org/tree.html  21.21 kb
2017-10-02 22:06:02,657  200  http://usgwcensus.org/coord.htm  18.01 kb
2017-10-02 22:06:03,054  200  http://www.usgwcensus.org/proof/  10.43 kb
2017-10-02 22:06:03,349  200  http://usgwcensus.org/  11.25 kb
2017-10-02 22:06:03,624  200  http://usgwcensus.org/sign/sign-new.htm  13.32 kb
2017-10-02 22:06:03,929  200  http://www.usgwcensus.org/help/centrans.htm  12.92 kb
2017-10-02 22:06:04,225  200  http://www.usgwcensus.org/kidz/index.html  7.36 kb
2017-10-02 22:06:04,806  200  http://mailto:kyarchives@windstream.net/?subject=Census Images Index  0.00 kb
2017-10-02 22:06:06,099  404  http://www.dupagepress.com/  0.00 kb
2017-10-02 22:06:07,205  200  http://www.colorado.gov/pacific/archives/request  37.14 kb
2017-10-02 22:06:09,182  200  http://www.colorado.gov/pacific/archives/genealogy-101  37.95 kb
2017-10-02 22:06:11,739  200  http://www.colorado.gov/pacific/archives/census-records-0  37.86 kb
2017-10-02 22:06:13,395  200  https://www.colorado.gov/archives/  61.85 kb
2017-10-02 22:06:15,726  200  http://www.colorado.gov/pacific/archives/birth-records  44.68 kb
2017-10-02 22:06:17,652  200  http://www.colorado.gov/pacific/archives/marriage-records  39.18 kb
2017-10-02 22:06:19,188  200  http://www.colorado.gov/pacific/archives/death-records  37.26 kb
2017-10-02 22:06:21,550  200  http://www.colorado.gov/pacific/archives/divorce-records  38.29 kb
2017-10-02 22:06:23,050  200  http://www.colorado.gov/pacific/archives/archives-search  36.03 kb
2017-10-02 22:06:25,868  200  http://www.americannamesociety.org/about/the-ehrensperger-report/  33.06 kb
2017-10-02 22:06:28,576  200  http://www.americannamesociety.org/news/submit-name-news/  26.91 kb
2017-10-02 22:06:30,635  200  http://mailto:info@americannamesociety.org/  0.00 kb
2017-10-02 22:06:32,746  200  http://www.americannamesociety.org/about/  32.27 kb
2017-10-02 22:06:36,024  200  http://www.americannamesociety.org/names/  25.72 kb
2017-10-02 22:06:39,166  200  http://www.americannamesociety.org/category/resources/  69.86 kb
2017-10-02 22:06:42,126  200  http://www.americannamesociety.org/news/  65.95 kb
2017-10-02 22:06:45,707  200  http://www.americannamesociety.org/conferences/  28.62 kb
2017-10-02 22:06:49,250  200  http://www.servicecanada.gc.ca/eng/home.shtml  0.00 kb
2017-10-02 22:06:52,318  200  https://www.nrcan.gc.ca/earth-sciences  19.72 kb
2017-10-02 22:06:53,493  200  http://www.nrcan.gc.ca/earth-sciences/about/organization/organization-structure/geographical-names-board-of-canada/5743#wb-info  29.62 kb
2017-10-02 22:06:54,720  200  https://www.nrcan.gc.ca/explosives  19.79 kb
2017-10-02 22:06:56,264  200  https://www.nrcan.gc.ca/mining-materials  25.27 kb
2017-10-02 22:06:57,235  200  http://www.nrcan.gc.ca/earth-sciences  15.02 kb
2017-10-02 22:06:57,770  200  http://www.nrcan.gc.ca/earth-sciences/geography/10777  14.50 kb
2017-10-02 22:06:58,961  200  http://www.rncan.gc.ca/sciences-terre/geographie/noms-lieux/sujet-commission-toponymie-canada/9175  30.91 kb
2017-10-02 22:06:59,566  200  http://www.nrcan.gc.ca/home  16.19 kb
2017-10-02 22:07:00,668  200  https://www.nrcan.gc.ca/environment/10760  24.57 kb
2017-10-02 22:07:01,774  200  http://www.nrcan.gc.ca/earth-sciences/about/organization/organization-structure/geographical-names-board-of-canada/5743#mb-pnl  29.62 kb
2017-10-02 22:07:02,744  200  http://www.canada.ca/en/index.html  53.07 kb
2017-10-02 22:07:03,990  200  http://planning.hawaii.gov/  40.16 kb
2017-10-02 22:07:06,987  200  http://planning.hawaii.gov/gis/hbgn#content  40.69 kb
2017-10-02 22:07:09,663  200  http://planning.hawaii.gov/about/  37.20 kb
2017-10-02 22:07:11,840  200  http://planning.hawaii.gov/czm/  32.99 kb
2017-10-02 22:07:13,843  200  http://planning.hawaii.gov/feed/  6.50 kb
2017-10-02 22:07:17,845  200  http://portal.ehawaii.gov/  51.47 kb
2017-10-02 22:07:20,212  200  http://planning.hawaii.gov/carbon-farming-task-force/  33.14 kb
2017-10-02 22:07:23,003  200  http://planning.hawaii.gov/gis/hbgn#footer  40.69 kb
2017-10-02 22:07:26,013  200  http://planning.hawaii.gov/contact-us/  30.46 kb
2017-10-02 22:07:29,371  200  https://alaskadonorregistry.org/ADRPublic/Secure/EditDonationPreferences.aspx  9.79 kb
2017-10-02 22:07:32,359  200  https://alaskadonorregistry.org/ADRPublic/About.aspx  11.15 kb
2017-10-02 22:07:35,255  200  https://alaskadonorregistry.org/ADRPublic/Secure/MyAkReturnRouter.aspx  9.77 kb
2017-10-02 22:07:37,535  200  http://donatelife.net/  70.93 kb
2017-10-02 22:07:39,843  200  https://alaskadonorregistry.org/ADRPublic/Secure/SelfRegistration.aspx  9.77 kb
2017-10-02 22:07:41,584  200  http://www.greenhouse.io/  38.20 kb
2017-10-02 22:07:42,264  200  http://www.dol.gov/ofccp  49.98 kb
2017-10-02 22:07:42,999  200  http://boards.greenhouse.io/tumblr/jobs/775224?gh_jid=775224#app  47.26 kb
2017-10-02 22:07:43,636  200  http://www.greenhouse.io/privacy-policy  46.46 kb
2017-10-02 22:07:44,073  200  http://boards.greenhouse.io/tumblr/jobs/776542?gh_jid=776542#app  48.56 kb
2017-10-02 22:07:45,642  200  https://www.oath.com/brands/yahoo/  67.59 kb
2017-10-02 22:07:46,205  200  https://www.oath.com/brands/brightroll/  67.71 kb
2017-10-02 22:07:47,027  200  https://www.oath.com/brands/makers/  63.05 kb
2017-10-02 22:07:47,620  200  https://www.oath.com/brands/yahoo-finance/  67.59 kb
2017-10-02 22:07:48,477  200  https://www.oath.com/brands/huffpost/  67.64 kb
2017-10-02 22:07:49,350  200  https://www.oath.com/brands/newsroom/  63.19 kb
2017-10-02 22:07:49,893  200  https://www.oath.com/brands/aol/  67.33 kb
2017-10-02 22:07:50,542  200  https://www.oath.com/our-solutions/  73.41 kb
2017-10-02 22:07:51,262  200  https://www.ed.gov/notices/russian-la  24.16 kb
2017-10-02 22:07:52,102  200  https://www.ed.gov/notices/espanol-la  24.15 kb
2017-10-02 22:07:52,946  200  https://www.ed.gov/notices/tagalog-la  23.56 kb
2017-10-02 22:07:53,758  200  https://www.ed.gov/notices/korean-la  23.56 kb
2017-10-02 22:07:54,914  200  http://www2.ed.gov/fund/grants-college.html?src=pn  21.28 kb
2017-10-02 22:07:56,023  200  http://www.ed.gov/  29.00 kb
2017-10-02 22:07:56,938  200  https://www.ed.gov/notices/chinese-la  23.37 kb
2017-10-02 22:07:57,681  200  https://answers.ed.gov/  0.42 kb
2017-10-02 22:07:58,885  200  http://www2.ed.gov/rschstat/landing.jhtml?src=pn  26.85 kb
2017-10-02 22:07:59,907  200  http://recherche-naf.insee.fr/SIRENET_ClassesNaf\6201.htm  2.12 kb
2017-10-02 22:08:02,840  200  http://www.patrimonia.b-network.com/  71.51 kb
2017-10-02 22:08:06,692  200  http://www.patrimonia.fr/site/FR/Programme/Deroulement,C72351,I72383.htm?KM_Session=e22d13e3ba4ea9ce47afa939a803617b  62.64 kb
2017-10-02 22:08:08,967  200  http://www.patrimonia.fr/site/FR/Partenaires/Medias_Partenaires,C72351,I72392.htm?KM_Session=e22d13e3ba4ea9ce47afa939a803617b  50.71 kb
2017-10-02 22:08:10,979  200  http://www.patrimonia.fr/site/FR/Partenaires/Devenir_partenaire,C72351,I72393.htm?KM_Session=e22d13e3ba4ea9ce47afa939a803617b  45.09 kb
2017-10-02 22:08:14,083  200  http://www.patrimonia.fr/site/FR/Partenaires,C72351,I72361.htm?KM_Session=e22d13e3ba4ea9ce47afa939a803617b  144.28 kb
2017-10-02 22:08:16,855  200  http://www.patrimonia.fr/site/FR/Inscription_Congressiste,C72351,I72353.htm?KM_Session=e22d13e3ba4ea9ce47afa939a803617b  46.07 kb
2017-10-02 22:08:18,844  200  http://www.patrimonia.fr/site/FR/Programme,C72351,I72360.htm?KM_Session=e22d13e3ba4ea9ce47afa939a803617b  62.46 kb
2017-10-02 22:08:21,279  200  http://www.patrimonia.fr/site/FR/Inscription_Congressiste/Modalites_d_inscription,C72351,I72381.htm?KM_Session=e22d13e3ba4ea9ce47afa939a803617b  46.07 kb
2017-10-02 22:08:23,710  200  http://www.patrimonia.fr/site/FR/Programme/Patrimonia_Academy,C72351,I72388.htm?KM_Session=e22d13e3ba4ea9ce47afa939a803617b  49.07 kb
2017-10-02 22:08:26,268  200  http://www.patrimonia.fr/site/FR/Club_Partenaires,C72351,I72368.htm?KM_Session=e22d13e3ba4ea9ce47afa939a803617b  42.36 kb
2017-10-02 22:08:31,749  200  http://www.roterpunkt.de/produkte/tags/Garderoben/?name=Garderoben  0.00 kb
2017-10-02 22:08:37,001  200  http://www.roterpunkt.de/sortiment/  47.24 kb
2017-10-02 22:08:41,505  200  http://www.roterpunkt.de/produkte/tags/Aktionsware/?name=Aktionsware  0.00 kb
2017-10-02 22:08:47,276  200  http://www.roterpunkt.de/produkte/tags/Leuchten/?name=Leuchten  0.00 kb
2017-10-02 22:08:53,696  200  http://www.roterpunkt.de/produkte/tags/Bad/?name=Bad  0.00 kb
2017-10-02 22:08:57,507  200  https://www.roterpunkt.de/  45.66 kb
2017-10-02 22:09:02,506  200  http://www.roterpunkt.de/produkte/tags/Couchtisch/?name=Couchtisch  0.00 kb
2017-10-02 22:09:06,667  200  https://www.kennstdueinen.de/moebelhaus-nuernberg-roter-punkt-gmbh-d564948.html  79.68 kb
2017-10-02 22:09:08,265  200  http://egourmery.de/index.php?route=information/proposing  28.45 kb
2017-10-02 22:09:09,389  200  http://egourmery.de/entdecken  29.82 kb
2017-10-02 22:09:10,563  200  http://egourmery.de/index.php?route=account/discount_pak/contract  34.85 kb
2017-10-02 22:09:11,752  200  http://egourmery.de/index.php?route=franchisor/register  31.34 kb
2017-10-02 22:09:12,981  200  http://egourmery.de/index.php?route=affiliate/register  31.37 kb
2017-10-02 22:09:14,217  200  http://egourmery.de/spezials  28.92 kb
2017-10-02 22:09:16,304  200  http://egourmery.de/essen_trinken  963.58 kb
2017-10-02 22:09:18,603  200  http://egourmery.de/index.php?route=account/register  28.22 kb
2017-10-02 22:09:20,580  200  https://www.checkout51.com/?utm_source=wsj&utm_medium=digitalhousead&utm_campaign=wsjspotlight  12.35 kb
2017-10-02 22:09:21,533  200  http://www.barrons.com/home-page  927.41 kb
2017-10-02 22:09:23,572  200  http://www.wsj.com/pro/centralbanking  14.64 kb
2017-10-02 22:09:28,398  200  http://new.dowjones.com/products/dj-news  81.49 kb
2017-10-02 22:09:31,243  200  http://privatemarkets.dowjones.com/  0.50 kb
2017-10-02 22:09:32,149  200  https://global.factiva.com/factivalogin/login.asp?productname=global  0.27 kb
2017-10-02 22:09:33,144  200  http://live.wsj.com/  79.67 kb
2017-10-02 22:09:33,992  200  http://www.marketwatch.com/  367.70 kb
2017-10-02 22:09:34,687  200  http://bigcharts.marketwatch.com/  23.72 kb
2017-10-02 22:09:36,065  200  http://www.bigdecisions.com/  0.18 kb
2017-10-02 22:09:37,122  200  http://www.wsj.com/  954.69 kb
2017-10-02 22:09:38,202  200  https://djlogin.dowjones.com/login.asp?productname=rnc  1.10 kb
2017-10-02 22:09:40,606  200  http://www.wsj.com/conferences  0.00 kb
2017-10-02 22:09:43,015  200  https://newsplus.wsj.com/  0.44 kb
2017-10-02 22:09:44,398  200  http://www.efinancialnews.com/  464.97 kb
2017-10-02 22:09:46,398  200  http://www.wsj.com/public/page/wsj-x-marketing.html  8.54 kb
2017-10-02 22:09:47,647  200  http://www.mansionglobal.com/  91.48 kb
2017-10-02 22:09:49,066  200  http://nypost.com/  303.09 kb
2017-10-02 22:09:52,575  200  http://www.bairdventurepartners.com/  24.96 kb
2017-10-02 22:09:53,600  200  http://mashable.com/  248.09 kb
2017-10-02 22:09:56,275  200  http://mashable.com/cookie-policy/  87.66 kb
2017-10-02 22:09:56,817  200  http://mashable.com/login/  73.34 kb
2017-10-02 22:09:57,397  200  http://mashable.com/2012/01/10/startwire/?geo=AS&utm_cid=mash-prod-nav-geo  105.77 kb
2017-10-02 22:09:58,425  200  http://mashable.com/2012/01/10/startwire/?geo=AU&utm_cid=mash-prod-nav-geo  105.76 kb
2017-10-02 22:10:00,760  200  http://mashable.com/culture/?utm_cid=mash-prod-nav-ch  255.11 kb
2017-10-02 22:10:03,201  200  http://feeds.mashable.com/Mashable  256.97 kb
2017-10-02 22:10:03,889  200  http://mashable.com/subscriptions/  83.86 kb
2017-10-02 22:10:06,784  200  http://www.pinterest.com/Mashable/  525.61 kb
2017-10-02 22:10:08,850  404  https://wwwimages2.adobe.com/products/flashplayer/systemreqs/  0.00 kb
2017-10-02 22:10:09,340  200  https://helpx.adobe.com/flash-player/kb/archived-flash-player-versions.html  107.16 kb
2017-10-02 22:10:09,926  200  http://www.adobe.com/privacy.html  101.22 kb
2017-10-02 22:10:10,403  200  http://www.adobe.com/  99.21 kb
2017-10-02 22:10:10,908  200  http://www.adobe.com/privacy/cookies.html  99.78 kb
2017-10-02 22:10:11,581  200  http://www.adobe.com/go/gffooter_choose_region  120.36 kb
2017-10-02 22:10:12,609  404  http://get.adobe.com/cis/  0.00 kb
2017-10-02 22:10:13,421  200  http://www.adobe.com/go/gffooter_terms_of_use  135.91 kb
2017-10-02 22:10:14,120  200  http://mailto:tim.mckegney@startdatelabs.com/  0.00 kb
2017-10-02 22:10:14,794  200  http://www.networkadvertising.org/terms-of-use  21.89 kb
2017-10-02 22:10:15,658  200  http://www.networkadvertising.org/choices#!/logs  5.66 kb
2017-10-02 22:10:16,336  200  http://www.networkadvertising.org/faq  48.94 kb
2017-10-02 22:10:16,977  200  http://www.networkadvertising.org/choices#!/docs  5.66 kb
2017-10-02 22:10:17,583  200  http://www.networkadvertising.org/choices#!/metrics  5.66 kb
2017-10-02 22:10:18,171  200  http://www.networkadvertising.org/code-enforcement  16.50 kb
2017-10-02 22:10:18,785  200  http://www.networkadvertising.org/choices#!/password  5.66 kb
2017-10-02 22:10:20,075  200  http://www.networkadvertising.org/  56.95 kb
2017-10-02 22:10:22,526  200  http://www.indeed.com/pagead/clk?mo=r&ad=-6NYlbfkN0Aw1efAMzldDzpoIJt3dh-Ws43S30drXQ6jFQqkIis_u6RvgKGEFr6GER8jEVzYbGBwRNPt_MWPxWghFw6vPA_fMVTqgothSl3xn-ZZQhr8hrRdLGy7L0zGtWn9rvv6J4DQ8WRD1zDmet9MYX52mEyAbF2-E0lMnVCZ2PW5fzILKHZH53DQpEtRnEsSktcKsWg-yv3n0tgoS3W2QOnOCigoLDY3lHlgraKFNW8LyTzYP9v_NB5CJkxsFnqUpfKna-zDf4W5UaeNMM8AjBjFk4Joy6kOnd8utnNA037QU0oxwEHP0YJdYL4kjkNSrI99nvNTFFXEmv5G4lYHHO9TP6dmmX0WXTYeumJdsb8klrwu0TDWo8X1_Q6RPD75QGyh23TnQe_cfOp80hP5-fQwVgg_xWds33uy1AWcbVfTBlgXjYxkmC5w91_rziKkrZA-B89vywio_AzS8O3q9txo15nTHTQMTFpjDAChcb_KxdtqntdO4sRaOyOe8S0hluMSZ7ETGji6HVsxbpJ5cs0AucAtZGxGIMIhZ5tlL8OS47YeHfYTHKJBlCTNrEpmVIaA-b0j9PI0nGx9QEFcO8SwB8Zp8sp03ry0vYS10oZZpmiRQeCCwJIqwhXKztqhKmCft2aydmmTpiz1xpZ8v3vwzzSwDZAoOE9c-tI9OIzwPf_tFeSE-88EqzqtIjsNpPIhuWlka-vHMqRs1Ly7goB4tKQdz5NGCc8PsLIN6iSfe0E3FaMSpchtzjwpovTjluscNC6mDGqvFeVW23Ii9aCsPscIaWT9TOIz7FR63EXiQ4YmCwpEQEnvsKJ8f5W9PuCo0zWyu54qVBHc8FRpfPn8nllTReRPs48CaXcnKGBa8bcrWQfNL4GYbgiZ9NXePNi578t9NfYxxp77WeU_LyWUZHT2j5N9wYV2Nqd56OmivtOqwLnSP4M6a9eTRiBYNKpEyqY=&p=0&rjs=1&atk=1brfvfbkvafdg8sj  65.53 kb
2017-10-02 22:10:24,704  200  https://www.indeed.com/  29.16 kb
2017-10-02 22:10:27,225  200  http://www.indeed.com/pagead/clk?mo=r&ad=-6NYlbfkN0Aw1efAMzldDzpoIJt3dh-Ws43S30drXQ6jFQqkIis_u6RvgKGEFr6GER8jEVzYbGD--KB6gdezvJG4XbkXOIiixEZho7AnmxSB0IChnWN6jJTwzW4vyhZRFVDbXX6KOiFolYBpj7rDevJynFGefK7LDWguCM63ZLNhEqMUbtGyJCIFhGfT5LhMP9P0OM-oqVx5QsjWUTVF0oCbGQk1P1FaeytrEttQm67QTdUhSyYAF9pn3wC_iSKTCUP19DjVXhkUsHYNKDmsmaszdcwQfSc1m7cqVQNV-QxL8Rr9d0pNhu2PQCpPRnPFG1U_LPiac2VwCS-bFEYrWIPeinoNpwtWlTWHpSSbU_w00EjrPuj7LujKWw1rDtbZJJgY1np05fDckl3u67X8L6tlyPxhlZd2lXaXyu5EJE3knlzWZD54HzhV_uXLv9vWbu6ZloKHUkedNjgYYcXNsYYgJ6x_TPYgLm6PV3MSOq_XJj8udhNl6zf6lAKxGaycQC4MT2Y6KXb7E3yQ7txaAOe1Do6I68PkwaJz6x98G-RBp12yhQfN2mzw8_asLsS4kszZyz5TMQDy54PrqztFRIOQCEkveIqCpKBnYYz4ZzERZ4UhrmOTs9zdG2Y3I5_37ZcQ1VeHtAUNM3HAj2W0qIcuxyM0X_al0PIhvT_zXhlUIM42UedO2catROai1xajK5bZaBUY2lgG5b12mzLZe6dajYggxbT63WCGYNYit5gB7VV3MH5TioYbGipHnETeE5MMmeAm_nqBB13WHTY1njiRihm3Ta7U5f7r-K514lHn9BdAIWOMlWpmla6Ugjg_t61Kb33R7tSPSWDzcHZSg-bRpo6KyyBDFejreCrGm0IT7THa12-Q1I_5tY1BUie3CU8EBqx7XA75LwL18UN4hkos9d0MFtNV6vf46qQlLWZsEmI1q9ErrA==&p=0&rjs=1&atk=1brfvgdta501d9no  66.42 kb
2017-10-02 22:10:30,479  200  http://www.indeed.com/pagead/clk?mo=r&ad=-6NYlbfkN0Aw1efAMzldDzpoIJt3dh-Ws43S30drXQ6jFQqkIis_u6RvgKGEFr6GER8jEVzYbGCHl36u0_ctSyhM6PZyVjGkxg0mZnithhVHzcHDt58DADgKbPqDg2AldiNAxqciMHUYO9SjOkejE6IfgDIQBPy-CT1JijYtA94FAIYjP1gGwJIsS8QP6hSpe_FO2ZYjhiW_GZsf0s7B9bCAG21-KDuJESjUyTFV5OyPr6pn3C5q9RZvdw8nnRS-aZtSBQfR1vF3g_Zdc6YJfKMWXK6OhNNmCokUbUhvO8xJo1OAiA8epRsAuV1tOuTR7nD77U7L8cCSz41QQdMvGTOqF-AZDO2MJNyXg7KRAKV74nnOk0T5TXOcok3RguoxTuMs9OtgYVCJpXd5Ta1gtOTQ50U7iRbgbf9TWSTwigzQfTHOpWXP3UDouRCuCuc72AvcPBGmL_yt_lTubPFm9yhgcz-TeNYBySI3Iz_oBeo2aOtsqeahoMjrdyMH89nYbsqTTcYaKeoK8kFarvS4ggLZC6i2C8J6Cp5F_SmYGFVhPZT0koFIQY2HRRh3Ur2SKx6gpFV1sF7EGBM5-_ylAv766MtKt_01dOoiUyoiRW8yz1YujrkjfMb1Z2BUPTk_8qP5yYxHAlqDsXoMNvkYCbnYf6La64Owoil9yG98xNSJUrQ60Zm7jdzx_GJLcD5gAcDSb4T_0MraYILxDBUOQ9WqeLOQ5h1TM-j4J63Q1wJGErpdL3_EwA9QRQDeo0JZNhceJtWW2WdOAID5y8Q0uPe6Ev3QVeHh6y_aRPsxNaOGeewE4i4lBZRM6yStxpfTle4X8nuy8KHQ1Clu4IAW_3tI7lGBU2y-IUOcqzk3G8DX6KfyNphStR2TODbp1ccYetr2BlzEb715c_tHjQBbNaVJEKgIWLKQ1A_Csq0PtAQ=&p=1&rjs=1&atk=1brfvgdta501d9no  72.93 kb
2017-10-02 22:10:36,337  200  http://www.tagzania-blog.com/wp-login.php?action=lostpassword  2.04 kb
2017-10-02 22:10:38,966  200  https://www.booking.com/index.html?click_from_logo=1  416.54 kb
2017-10-02 22:10:42,010  200  http://www.booking.com/searchresults.fi.html?latitude=48.844745636;longitude=2.2838640213;offset=0  490.91 kb
2017-10-02 22:10:45,430  200  http://www.booking.com/searchresults.fr.html?latitude=48.844745636;longitude=2.2838640213;offset=0  500.23 kb
2017-10-02 22:10:48,899  200  http://www.booking.com/searchresults.no.html?latitude=48.844745636;longitude=2.2838640213;offset=0  491.71 kb
2017-10-02 22:10:52,300  200  http://www.booking.com/searchresults.pt-br.html?latitude=48.844745636;longitude=2.2838640213;offset=0  496.21 kb
2017-10-02 22:10:54,388  200  http://gs.statcounter.com/  35.15 kb
2017-10-02 22:10:55,757  200  http://www.statcounter.com/how-it-works/  19.79 kb
2017-10-02 22:10:56,677  200  http://www.statcounter.com/support/knowledge-base/  21.57 kb
2017-10-02 22:10:57,657  200  http://www.statcounter.com/features/  30.90 kb
2017-10-02 22:10:58,659  200  http://www.statcounter.com/free-web-stats/  19.92 kb
2017-10-02 22:10:59,784  200  http://www.statcounter.com/careers/  18.07 kb
2017-10-02 22:11:00,478  200  https://electrek.co/2017/10/02/tesla-expands-in-south-korea-despite-a-slow-start/  80.94 kb
2017-10-02 22:11:01,914  200  https://www.inquisitr.com/4530540/a-tesla-model-s-p100d-finally-bows-down-to-an-ice-vehicle-but-ev-fans-are-not-impressed-video/  132.04 kb
2017-10-02 22:11:03,380  200  http://www.bbc.co.uk/news/technology-41469231  148.05 kb
2017-10-02 22:11:04,842  200  http://www.businessinsider.com/tesla-biggest-battery-australia-halfway-done-2017-10  84.94 kb
2017-10-02 22:11:05,513  200  http://www.trustedreviews.com/news/tesla-just-destroyed-the-worlds-fastest-supercars-in-an-epic-drag-race-3299998  58.16 kb
2017-10-02 22:11:05,860  200  https://electrek.co/2017/10/02/teslas-battery-partner-panasonic-increases-production-factory-japan-other-automakers/  82.34 kb
2017-10-02 22:11:06,471  404  https://www.thestreet.com/story/14327390/1/tesla-model-3-deliveries.html?cm_ven=FLIPBOARD&puc=flipboard  0.00 kb
2017-10-02 22:11:06,933  200  http://insideevs.com/tesla-reports-q3-sales-model-3-salesproduction-misses-mark/  226.29 kb
2017-10-02 22:11:07,424  200  http://247wallst.com/technology-3/2017/10/02/oracle-promises-cloud-service-at-half-amazons-price/  68.32 kb
2017-10-02 22:11:07,728  404  https://www.thestreet.com/story/14326951/1/september-auto-september-sales.html  0.00 kb
2017-10-02 22:11:09,545  200  http://www.viralexpz.com/will-artificial-intelligence-solve-problem-cybersecurity-put-experts-work/  233.44 kb
2017-10-02 22:11:10,941  200  https://dzone.com/articles/on-demand-compute-pricing-comparison-aws-vs-azure  133.41 kb
2017-10-02 22:11:11,792  200  https://venturebeat.com/2017/10/02/oracle-expands-support-for-modern-development-with-serverless-and-container-offerings/  47.32 kb
2017-10-02 22:11:12,158  404  https://www.thestreet.com/story/14326044/1/oracle-larry-ellison-amazon-web-services.html?cm_ven=FLIPBOARD&puc=flipboard  0.00 kb
2017-10-02 22:11:12,820  200  https://www.theregister.co.uk/2017/10/02/compuware_shows_off_shiny_new_mainframe_cloud_ide_toy/  67.83 kb
2017-10-02 22:11:13,509  200  https://retail.emarketer.com/article/many-retailers-see-iot-inventory-tool/59cd7a96ebd4000a7823ab36  16.11 kb
2017-10-02 22:11:14,357  200  https://www.fool.com/investing/2017/10/02/3-high-yield-tech-stocks-to-buy.aspx?source=isafpbcs0000001&utm_campaign=firehose&utm_medium=feed&utm_source=flipboard  109.20 kb
2017-10-02 22:11:16,176  200  https://securityledger.com/2017/09/firm-that-discovered-ccleaner-compromise-there-may-be-others/  78.09 kb
2017-10-02 22:11:18,777  200  https://engage2demand.cisco.com/CiscoConnectUS?CAMPAIGN=Data+Center&CREATIVE=ciscoDC+Landing+Page+US+Event&Country_Site=us&POSITION=Social+Media&REFERRING_SITE=Twitter&dtid=esotwt000263  0.00 kb
2017-10-02 22:11:21,302  200  https://www.fool.com/investing/2017/09/30/what-will-these-5-companies-do-with-half-a-trillio.aspx?source=isafpbcs0000001&utm_campaign=firehose&utm_medium=feed&utm_source=flipboard  120.04 kb
2017-10-02 22:11:23,684  200  https://www.forbes.com/sites/greatspeculations/2017/09/28/where-juniper-stands-in-a-slowing-enterprise-router-market/  131.76 kb
2017-10-02 22:11:24,323  200  http://www.mensfitness.com/training/pro-tips/5-worst-symptoms-skinny-fat-and-how-get-rid-them  166.85 kb
2017-10-02 22:11:26,293  200  https://www.inc.com/linkedin/gary-vaynerchuk/make-money-dont-raise-gary-vaynerchuk.html  365.46 kb
2017-10-02 22:11:27,905  200  https://www.entrepreneur.com/article/301110  63.98 kb
2017-10-02 22:11:28,467  200  http://www.investopedia.com/news/cryptocurrency-crash-coming-says-top-vc-fred-wilson/  184.34 kb
2017-10-02 22:11:29,210  200  http://fortune.com/2017/10/02/social-capital-growth-investing/  966.33 kb
2017-10-02 22:11:30,527  200  https://www.axios.com/ben-narasin-joins-venture-firm-nea-2492028489.html  382.85 kb
2017-10-02 22:11:31,292  200  http://online.wsj.com/articles/whats-an-initial-coin-offering-icos-explained-in-11-questions-1506936601?mod=flipboard  932.39 kb
2017-10-02 22:11:32,541  200  https://hbr.org/2017/10/startup-accelerators-have-become-more-popular-in-emerging-marketsand-theyre-working  55.99 kb
2017-10-02 22:11:32,967  200  https://www.forbes.com/sites/alexkonrad/2017/10/02/afore-capital-launches-with-47m-to-invest-in-startups-at-a-hot-new-stage-called-pre-seed/  126.81 kb
2017-10-02 22:11:33,349  200  https://venturebeat.com/2017/10/02/as-tech-ipos-in-q3-plummet-sector-again-faces-a-crisis-of-confidence/  46.76 kb
2017-10-02 22:11:34,138  200  https://mobilesyrup.com/2017/10/02/teluss-drive-connected-car-device-available-now/  533.76 kb
2017-10-02 22:11:35,181  200  https://informationsecurity.princeton.edu/NCSAM2017  28.29 kb
2017-10-02 22:11:35,809  200  https://www.csoonline.com/article/3229514/internet-of-things/how-to-secure-the-industrial-iot-a-qa-with-ges-ciso.html  99.44 kb
2017-10-02 22:11:36,718  200  https://www.inc.com/andrew-medal/4-cyber-security-risks-your-employees-must-know-about-how-to-prepare-for-them.html  357.09 kb
2017-10-02 22:11:37,731  200  https://www.cio.com/article/3229849/internet-of-things/the-value-of-fog-and-edge-computing.html  83.46 kb
2017-10-02 22:11:39,599  200  https://www.electronicsworld.co.uk/news/5531-mining-poised-for-rapid-iot-adoption-as-it-seeks-to-eliminate-workplace-hazards  59.32 kb
2017-10-02 22:11:41,087  200  https://dzone.com/articles/introducing-the-internet-of-beer  128.77 kb
2017-10-02 22:11:41,872  200  https://www.fool.com/investing/2017/10/02/why-alarmcom-should-be-on-your-radar.aspx?source=isafpbcs0000001&utm_campaign=firehose&utm_medium=feed&utm_source=flipboard  107.55 kb
2017-10-02 22:11:43,989  200  https://venturebeat.com/2017/10/01/preparing-for-commerce-of-25-billion-connected-things-vb-live/  49.44 kb
2017-10-02 22:11:44,387  200  https://venturebeat.com/2017/10/02/vuforia-7-helps-augmented-reality-blend-into-real-life/  49.92 kb
2017-10-02 22:11:44,965  200  https://consumerist.com/2017/10/02/toys-r-us-hopes-playrooms-augmented-reality-stations-will-bring-customers-back/  45.04 kb
2017-10-02 22:11:45,678  200  https://www.tomsguide.com/us/chalk-ar-app-vuforia,news-25918.html  144.19 kb
2017-10-02 22:11:46,349  200  https://futurism.com/a-major-manufacturer-has-begun-designing-its-cars-using-augmented-reality/  56.97 kb
2017-10-02 22:11:46,767  200  https://venturebeat.com/2017/10/02/its-a-two-speed-arvr-market-after-arkit-and-arcore-with-ar-surging/  56.92 kb
2017-10-02 22:11:48,318  200  http://www.information-age.com/vr-ar-device-market-ready-soar-123468820/  50.47 kb
2017-10-02 22:11:49,739  200  https://www.roadtovr.com/magic-leap-chief-game-designer-talks-internal-demos-ar-and-the-everyday-adventure/  160.78 kb
2017-10-02 22:11:51,288  200  http://www.bbc.com/news/av/technology-41419109/what-future-for-augmented-reality  107.86 kb
2017-10-02 22:11:52,133  200  https://mic.com/articles/184933/is-snapchat-planning-an-augmented-reality-collaboration-with-the-legendary-artist-jeff-koons  237.50 kb
2017-10-02 22:11:53,019  200  https://9to5mac.com/2017/10/02/snapchat-art-program-jeff-koons/  87.49 kb
2017-10-02 22:11:53,690  200  https://www.theverge.com/2017/10/2/16404742/senate-ajit-pai-vote-reconfirm-fcc  116.91 kb
2017-10-02 22:11:54,427  200  https://arstechnica.com/tech-policy/2017/10/ajit-pai-gets-new-term-on-fcc-despite-protest-of-anti-net-neutrality-plan/  40.39 kb
2017-10-02 22:11:55,101  200  http://www.foxbusiness.com/politics/2017/10/02/senate-confirms-trump-choice-to-head-fcc.html  32.43 kb
2017-10-02 22:11:55,560  200  http://www.dslreports.com/shownews/Apple-Informs-FCC-Boss-He-Doesnt-Know-How-iPhones-Work-140433  35.10 kb
2017-10-02 22:11:56,046  200  https://www.forbes.com/sites/fredcampbell/2017/10/02/maybe-we-should-end-the-internet-as-we-know-it/  129.98 kb
2017-10-02 22:11:56,827  200  https://www.cnet.com/news/senate-reconfirms-pai-as-fcc-chair/  170.49 kb
2017-10-02 22:11:57,725  200  https://www.fastcompany.com/40476190/ex-verizon-lawyer-ajit-pai-confirmed-to-second-term-as-fcc-chair  423.93 kb
2017-10-02 22:11:58,370  200  http://deadline.com/2017/10/fcc-chairman-ajit-pai-reupped-by-senate-for-another-5-year-term-1202180664-1202180664/  114.93 kb
2017-10-02 22:11:59,439  200  http://money.cnn.com/2017/10/02/investing/premarket-stocks-trading/  62.27 kb
2017-10-02 22:12:00,440  200  http://www.techmeme.com/171002/p24  231.70 kb
2017-10-02 22:12:01,920  200  https://www.frontrange.edu/getting-in/new-student-orientation  92.90 kb
2017-10-02 22:12:03,232  200  https://www.frontrange.edu/getting-in/campus-tours-and-information  68.55 kb
2017-10-02 22:12:06,201  200  https://www.frontrange.edu/calendars-and-events  0.00 kb
2017-10-02 22:12:09,060  200  https://www.frontrange.edu/about-frcc/business-and-community  89.51 kb
2017-10-02 22:12:10,326  200  https://www.frontrange.edu/about-frcc/faculty-staff-search  81.09 kb
2017-10-02 22:12:11,626  200  https://www.frontrange.edu/#cpw_main  102.58 kb
2017-10-02 22:12:12,824  200  https://www.frontrange.edu/espanol  21.22 kb
2017-10-02 22:12:14,181  200  http://mailto:mlvier99@aol.com/  0.00 kb
2017-10-02 22:12:14,297  200  http://mailto:coloradogengal@gmail.com/  0.00 kb
2017-10-02 22:12:14,728  200  http://mailto:oldham@pagosasprings.net/  0.00 kb
2017-10-02 22:12:15,336  200  http://mailto:sasusm@comcast.net/  0.00 kb
2017-10-02 22:12:16,858  200  http://www.rootsweb.com/~codenver/Fairmount/FairmountCem.htm  18.92 kb
2017-10-02 22:12:21,342  200  http://mailto:bdfrantz@q.com/  0.00 kb
2017-10-02 22:12:21,992  200  http://mailto:JudiGalpin2@aol.com/  0.00 kb
2017-10-02 22:12:22,399  200  http://Mailto:sujeannefoster@earthlink.net/  0.00 kb
2017-10-02 22:12:22,537  200  http://mailto:christygriffith@comcast.net/  0.00 kb
2017-10-02 22:12:22,654  200  http://mailto:deborahromero@comcast.net/  0.00 kb
2017-10-02 22:12:23,830  404  http://www.rootsweb.com/~coboulde/Caribou.htm  0.00 kb
2017-10-02 22:12:24,382  200  http://mailto:ntgreen@earthlink.net/  0.00 kb
2017-10-02 22:12:25,879  404  http://www.rootsweb.com/~usgenweb/co/broomfield/costones/monarch.htm  0.00 kb
2017-10-02 22:12:26,931  200  http://mailto:Darrow%0d%0aCdarrow944@aol.com/  0.00 kb
2017-10-02 22:12:28,101  200  http://mailto:melbev@rural-com.com/  0.00 kb
2017-10-02 22:12:30,287  404  http://www.rootsweb.com/~usgenweb/co/baca/costones/campo.htm  0.00 kb
2017-10-02 22:12:30,990  200  http://mailto:gbrown153@bacavalley.com/  0.00 kb
2017-10-02 22:12:31,557  200  http://mailto:melbev@ria.net/  0.00 kb
2017-10-02 22:12:31,828  200  http://mailto:randolph@rural-com.com/  0.00 kb
2017-10-02 22:12:32,993  404  http://www.rootsweb.com/~usgenweb/co/baca/costones/lonestar.htm  0.00 kb
2017-10-02 22:12:34,538  404  http://www.rootsweb.com/~usgenweb/co/baca/costones/springfield.htm  0.00 kb
2017-10-02 22:12:35,417  200  http://genevents.genwebsite.org/tree2.html  15.66 kb
2017-10-02 22:12:37,306  200  http://www.emailmeform.com/fid.php?formid=356480  15.74 kb
2017-10-02 22:12:39,013  200  http://www.rootsweb.com/~censlook/  37.33 kb
2017-10-02 22:12:40,285  200  http://www.emailmeform.com/fid.php?formid=356464  15.17 kb
2017-10-02 22:12:41,412  200  http://www.emailmeform.com/fid.php?formid=356607  15.88 kb
2017-10-02 22:12:43,122  200  http://www.emailmeform.com/fid.php?formid=356606  15.73 kb
2017-10-02 22:12:44,633  200  http://www.emailmeform.com/fid.php?formid=356619  15.94 kb
2017-10-02 22:12:45,918  200  http://www.emailmeform.com/fid.php?formid=356461  15.82 kb
2017-10-02 22:12:47,307  200  http://www.emailmeform.com/fid.php?formid=356651  15.14 kb
2017-10-02 22:12:48,592  200  http://www.emailmeform.com/fid.php?formid=356652  15.91 kb
2017-10-02 22:12:58,626  200  http://www.kids.gov/k_gov.htm  27.87 kb
2017-10-02 22:12:59,923  404  http://www.aecf.org/kidscount/census/  0.00 kb
2017-10-02 22:13:00,874  200  http://www.familytreemagazine.com/  127.99 kb
2017-10-02 22:13:01,741  404  http://www.ncwiseowl.org/blog/reviews/ss/WorldAlmanac.htm  0.00 kb
2017-10-02 22:13:04,195  404  http://scout.cs.wisc.edu/addserv/  0.00 kb
2017-10-02 22:13:06,247  200  https://www.rncan.gc.ca/sciences-terre  20.87 kb
2017-10-02 22:13:08,257  200  http://laws-lois.justice.gc.ca/eng/acts/E-17/  19.53 kb
2017-10-02 22:13:09,392  200  https://www.rncan.gc.ca/explosifs  21.02 kb
2017-10-02 22:13:11,093  200  https://www.rncan.gc.ca/mines-materiaux  26.99 kb
2017-10-02 22:13:12,141  200  http://www.rncan.gc.ca/sciences-terre  16.16 kb
2017-10-02 22:13:12,724  200  http://www.rncan.gc.ca/sciences-terre/geographie/10794  15.30 kb
2017-10-02 22:13:13,297  200  http://www.rncan.gc.ca/sciences-terre/geographie/noms-lieux/10804  18.68 kb
2017-10-02 22:13:13,897  200  http://www.rncan.gc.ca/accueil  16.85 kb
2017-10-02 22:13:15,572  200  http://www.servicecanada.gc.ca/fra/accueil.shtml  69.86 kb
2017-10-02 22:13:17,085  200  http://www.cic.gc.ca/english/immigrate/index.asp  29.97 kb
2017-10-02 22:13:18,110  200  http://www.cic.gc.ca/english/work/index.asp  27.11 kb
2017-10-02 22:13:19,043  200  http://www.cic.gc.ca/english/visit/index.asp  25.52 kb
2017-10-02 22:13:19,834  200  http://www.cic.gc.ca/english/e-services/index.asp  29.22 kb
2017-10-02 22:13:22,714  200  http://www.jobbank.gc.ca/home-eng.do?lang=eng  56.34 kb
2017-10-02 22:13:27,569  200  http://portal.ehawaii.gov/home/online-services/  392.32 kb
2017-10-02 22:13:31,435  200  http://portal.ehawaii.gov/home/latest-news/  22.64 kb
2017-10-02 22:13:34,055  200  http://portal.ehawaii.gov/?mode=screenreader  51.47 kb
2017-10-02 22:13:36,685  200  http://portal.ehawaii.gov/page/search/  24.48 kb
2017-10-02 22:13:38,365  200  http://www.govtech.com/cdg/digital-government-achievement/Best-of-the-Web--Digital-Government-Achievement-Awards-2014---Winners-Announced.html  66.22 kb
2017-10-02 22:13:43,065  200  https://alaskadonorregistry.org/ADRPublic/Secure/EditDonationPreferences.aspx#main_content  9.79 kb
2017-10-02 22:13:45,143  200  http://alaskadonorregistry.org/  0.16 kb
2017-10-02 22:13:47,375  200  http://www.unos.org/  98.00 kb
2017-10-02 22:13:49,582  200  http://lifealaska.org/  8.17 kb
2017-10-02 22:13:50,070  200  http://www.mtf.org/  8.39 kb
2017-10-02 22:13:50,407  200  https://www.donatelife.net/  70.93 kb
2017-10-02 22:13:50,788  200  https://www.donatelife.net/stories/  53.55 kb
2017-10-02 22:13:51,169  200  https://www.donatelife.net/staff/  55.16 kb
2017-10-02 22:13:51,571  200  https://www.donatelife.net/give-to-dla/  50.52 kb
2017-10-02 22:13:52,003  200  https://www.donatelife.net/mission-vision/  56.05 kb
2017-10-02 22:13:52,403  200  https://www.donatelife.net/statistics/  59.71 kb
2017-10-02 22:13:52,794  200  https://www.donatelife.net/leadership/  52.85 kb
2017-10-02 22:13:53,211  200  https://www.donatelife.net/faq/  53.97 kb
2017-10-02 22:13:53,816  200  http://www.dol.gov/ofccp/regs/compliance/section503.htm  16.41 kb
2017-10-02 22:13:54,380  200  http://www.dol.gov/ofccp/regs/compliance/preaward/cnstnote.htm  12.28 kb
2017-10-02 22:13:54,846  200  http://www.dol.gov/ofccp/ofccp-foia.htm  15.09 kb
2017-10-02 22:13:55,431  200  http://www.dol.gov/ofccp/regs/compliance/aaps/aaps.htm  12.62 kb
2017-10-02 22:13:55,887  200  http://www.dol.gov/  130.84 kb
2017-10-02 22:13:56,454  200  http://www.dol.gov/rss  121.10 kb
2017-10-02 22:13:57,112  200  http://www.dol.gov/ofccp#maincontent  49.98 kb
2017-10-02 22:13:57,854  400  https://www.addthis.com/bookmark.php?source=tbx32nj-1.0&v=300&url=http://www.dol.gov&pubid=usdol&ct=1&title=United States Department of Labor&pco=tbxnj-1.0  0.00 kb
2017-10-02 22:13:59,200  200  http://www.export.gov/safeharbor/  39.60 kb
2017-10-02 22:14:02,389  200  http://www.patrimonia.b-network.com/Index.aspx  71.52 kb
2017-10-02 22:14:07,898  200  http://www.patrimonia.b-network.com/SignIn.aspx  78.65 kb
2017-10-02 22:14:15,286  200  http://www.patrimonia.b-network.com/MyReservations.aspx  78.65 kb
2017-10-02 22:14:21,053  200  http://www.patrimonia.b-network.com/Basket.aspx  61.39 kb
2017-10-02 22:14:24,153  200  https://www.kennstdueinen.de/moebelhaus-nuernberg-roter-punkt-gmbh-d564948.html#reviews-anchor  79.68 kb
2017-10-02 22:14:26,554  200  https://www.kennstdueinen.de/moebelhaus-nuernberg-roter-punkt-gmbh-d564948.html#overview-anchor  79.68 kb
2017-10-02 22:14:29,083  200  https://www.kennstdueinen.de/  49.36 kb
2017-10-02 22:14:31,748  200  https://www.kennstdueinen.de/ergebnis-moebelhaus-in-nuernberg-875-1525.html  60.32 kb
2017-10-02 22:14:34,282  200  https://www.kennstdueinen.de/stadt-nuernberg-1525.html  150.46 kb
2017-10-02 22:14:36,781  200  https://www.kennstdueinen.de/moebelhaus-nuernberg-roter-punkt-gmbh-d564948.html#myspace-nav-toggler  79.68 kb
2017-10-02 22:14:38,855  200  https://www.checkout51.com/privacy  35.78 kb
2017-10-02 22:14:40,105  200  https://www.checkout51.com/  12.35 kb
2017-10-02 22:14:41,730  200  https://www.checkout51.com/account/signupemail  10.18 kb
2017-10-02 22:14:43,514  200  https://www.checkout51.com/privacy#choices  35.78 kb
2017-10-02 22:14:44,576  200  https://www.checkout51.com/contact  10.99 kb
2017-10-02 22:14:47,130  200  https://www.checkout51.com/offers  0.00 kb
2017-10-02 22:14:49,989  200  https://www.checkout51.com/about  30.58 kb
2017-10-02 22:14:51,600  200  https://www.checkout51.com/account/login  10.18 kb
2017-10-02 22:14:52,466  200  http://www.barrons.com/stocks-to-watch  578.78 kb
2017-10-02 22:14:53,621  200  http://www.barrons.com/page/pastedition.html  31.13 kb
2017-10-02 22:14:54,893  200  http://www.barrons.com/watchlist  31.13 kb
2017-10-02 22:14:55,807  200  http://www.barrons.com/asia  770.37 kb
2017-10-02 22:14:56,226  200  http://www.barrons.com/sector-focus  470.93 kb
2017-10-02 22:14:56,684  200  http://www.barrons.com/tech-trader  684.57 kb
2017-10-02 22:14:57,354  200  http://www.barrons.com/advisorcenter  499.86 kb
2017-10-02 22:14:57,865  200  http://www.barrons.com/online_exclusives  218.62 kb
2017-10-02 22:14:58,455  200  http://www.barrons.com/mdc/public/page/9_3063-economicCalendar.html  52.11 kb
2017-10-02 22:14:59,137  200  http://buy.wsj.com/wsjprocs/  14.48 kb
2017-10-02 22:15:00,871  200  http://www.wsj.com/pro/join/venturecapital/  27.38 kb
2017-10-02 22:15:04,265  200  http://www.dowjones.com/privacy-policy/?mod=CAJbuy  65.74 kb
2017-10-02 22:15:06,038  200  https://accounts.dowjones.com/auth/wsjpro/login?target=http://www.wsj.com/pro/centralbanking  30.81 kb
2017-10-02 22:15:22,598  200  http://www.dowjones.com/cookies-policy/?mod=CAJbuy  0.00 kb
2017-10-02 22:15:28,512  200  https://www.dowjones.com/scoops/  47.13 kb
2017-10-02 22:15:30,765  200  https://www.dowjones.com/  62.84 kb
2017-10-02 22:15:32,782  200  https://www.dowjones.com/eloqua_form/dowjones-com-sales-inquiry-form-new/  110.51 kb
2017-10-02 22:15:35,205  200  https://www.dowjones.com/press-room/  60.53 kb
2017-10-02 22:15:36,511  200  http://www.marketwatch.com/economy-politics  85.21 kb
2017-10-02 22:15:38,054  200  http://www.marketwatch.com/personal-finance  168.98 kb
2017-10-02 22:15:39,722  200  https://accounts.marketwatch.com/login?ifr=1&target=http://www.marketwatch.com/#!user-registration  31.01 kb
2017-10-02 22:15:40,631  200  http://www.marketwatch.com/retirement  103.75 kb
2017-10-02 22:15:42,518  200  http://www.marketwatch.com/markets  157.62 kb
2017-10-02 22:15:43,856  200  http://www.marketwatch.com/entertainment  76.78 kb
2017-10-02 22:15:44,677  200  https://www.mozilla.org/en-US/firefox/new/  76.71 kb
2017-10-02 22:15:45,832  404  http://www.factiva.com/factiva/browsers.asp  0.00 kb
2017-10-02 22:15:46,928  200  https://www.fnlondon.com/articles/jpmorgan-banking-chief-promoted-to-run-emea-business-20171002  59.68 kb
2017-10-02 22:15:47,750  400  http://www.efinancialnews.com/tags/Women in Finance  0.00 kb
2017-10-02 22:15:49,102  200  http://www.efinancialnews.com/people  289.11 kb
2017-10-02 22:15:50,283  200  http://www.efinancialnews.com/investment-banking  366.33 kb
2017-10-02 22:15:51,652  200  http://www.efinancialnews.com/news  294.29 kb
2017-10-02 22:15:52,680  200  https://www.fnlondon.com/articles/jack-bogle-vanguard-primed-to-overtake-blackrock-20171002  64.02 kb
2017-10-02 22:15:53,389  200  https://www.fnlondon.com/articles/city-fights-to-avoid-multimillion-pound-mifid-ii-tax-bill-20171002  59.57 kb
2017-10-02 22:15:54,115  200  https://www.fnlondon.com/articles/royal-london-launches-2-7bn-uk-property-fund-20171002  56.30 kb
2017-10-02 22:15:54,784  200  https://www.fnlondon.com/articles/goldman-sachs-to-experiment-with-trading-bitcoin-20171002  58.69 kb
2017-10-02 22:15:55,667  200  https://www.fnlondon.com/articles/goldman-sachs-to-absorb-cost-of-analyst-research-20171002  63.69 kb
2017-10-02 22:15:56,419  200  https://www.fnlondon.com/articles/mistranslated-i-split-my-time-as-pippa-and-philip-20171002  59.83 kb
2017-10-02 22:15:57,144  200  https://www.fnlondon.com/articles/tp-icap-names-management-team-in-europe-20171002  56.11 kb
2017-10-02 22:15:58,174  200  http://www.efinancialnews.com/asset-management  370.54 kb
2017-10-02 22:15:59,453  200  https://www.fnlondon.com/articles/spencers-nex-warns-of-profit-squeeze-as-it-invests-ahead-of-mifid-ii-20171002  57.40 kb
2017-10-02 22:16:00,168  400  http://www.efinancialnews.com/tags/Credit Suisse  0.00 kb
2017-10-02 22:16:01,422  200  https://subs.fnlondon.com/  21.97 kb
2017-10-02 22:16:03,141  200  http://www.mansionglobal.com/london  72.88 kb
2017-10-02 22:16:05,564  200  http://www.mansionglobal.com/luxury-real-estate-news/listing-of-the-day  65.83 kb
2017-10-02 22:16:07,453  200  http://www.mansionglobal.com/luxury-real-estate-news/tax-talk  65.51 kb
2017-10-02 22:16:09,204  200  http://www.mansionglobal.com/luxury-real-estate-news/celebrity-homes  64.70 kb
2017-10-02 22:16:11,055  200  http://www.mansionglobal.com/luxury-real-estate-news/london-market-reports  64.98 kb
2017-10-02 22:16:12,801  200  http://www.mansionglobal.com/sydney  70.06 kb
2017-10-02 22:16:15,227  200  http://www.mansionglobal.com/luxury-real-estate-news/the-insiders  65.70 kb
2017-10-02 22:16:17,009  200  http://www.mansionglobal.com/luxury-real-estate-news/neighborhood_notes  65.69 kb
2017-10-02 22:16:18,128  200  http://nypost.com/real-estate/  142.60 kb
2017-10-02 22:16:18,721  200  http://nypost.com/photos/  136.37 kb
2017-10-02 22:16:19,101  200  http://nypost.com/entertainment/  152.58 kb
2017-10-02 22:16:21,373  200  http://nypost.com/columnists/  0.00 kb
2017-10-02 22:16:22,146  200  http://nypost.com/tech/  144.44 kb
2017-10-02 22:16:22,500  200  http://nypost.com/fashion/  151.58 kb
2017-10-02 22:16:23,111  200  http://nypost.com/video/  136.22 kb
2017-10-02 22:16:23,823  200  http://nypost.com/sports/  232.81 kb
2017-10-02 22:16:24,246  200  http://nypost.com/news/  147.99 kb
2017-10-02 22:16:24,699  200  http://pagesix.com/  250.23 kb
2017-10-02 22:16:25,683  200  http://www.bairdventurepartners.com/sector-expertise/industrial-solutions-sector.aspx  2.00 kb
2017-10-02 22:16:27,163  200  http://www.bairdventurepartners.com/investment-strategy/baird-capital  2.00 kb
2017-10-02 22:16:28,648  200  http://www.bairdventurepartners.com/global-reach/baird-capital  2.00 kb
2017-10-02 22:16:30,014  200  http://www.bairdventurepartners.com/sector-expertise/technology-services-sector.aspx  2.00 kb
2017-10-02 22:16:32,634  200  http://www.bairdcapital.com/about-us/germany  26.70 kb
2017-10-02 22:16:33,710  200  http://www.bairdventurepartners.com/our-approach/baird-capital  2.00 kb
2017-10-02 22:16:36,582  200  http://bairdcapital.com/contact-us.aspx  26.86 kb
2017-10-02 22:16:37,863  200  http://www.bairdventurepartners.com/about-us/baird-capital  2.00 kb
2017-10-02 22:16:39,510  200  https://services.sungarddx.com/Default.aspx?DN=1,Documents&URL=/default.aspx%3FDN%3D12786,1,Documents&CommunityDN=12786,1,Documents  31.12 kb
2017-10-02 22:16:40,678  200  http://www.rwbaird.com/  51.45 kb
2017-10-02 22:16:43,500  200  http://bairdcapital.com/news  32.97 kb
2017-10-02 22:16:44,949  200  http://www.bairdventurepartners.com/sector-expertise/baird-capital-sectors.aspx  2.00 kb
2017-10-02 22:16:46,484  200  http://www.bairdasia.com/  23.34 kb
2017-10-02 22:16:47,511  200  http://www.bairdventurepartners.com/why-baird-capital/giving-back.aspx  2.00 kb
2017-10-02 22:16:49,034  200  http://www.bairdventurepartners.com/sector-expertise/healthcare-sector.aspx  2.00 kb
2017-10-02 22:16:52,118  200  http://www.rwbaird.com/about-baird/careers/careers.aspx  18.26 kb
2017-10-02 22:16:54,538  200  http://www.rwbaird.com/help/safety-security/cookies  52.37 kb
2017-10-02 22:16:57,003  200  http://www.bairdeurope.com/private-equity  29.67 kb
2017-10-02 22:17:01,551  200  http://www.pinterest.com/mashable/tv-movies-music/  405.27 kb
2017-10-02 22:17:03,901  200  http://www.pinterest.com/mashable/social-media/  404.74 kb
2017-10-02 22:17:06,387  200  http://www.pinterest.com/mashable/art-photography/  413.70 kb
2017-10-02 22:17:08,400  200  https://electrek.co/guides/lucid-motors/  149.18 kb
2017-10-02 22:17:09,165  200  https://electrek.co/guides/tesla/  140.32 kb
2017-10-02 22:17:10,118  200  https://electrek.co/guides/hyperloop/  148.50 kb
User Query                     :: ebbets field 
Number of Pages Crawled        :: 1000 
Number of 4xx Erros            :: 53 
Total size of downloaded Pages :: 77404.30 KB
Total time                     :: 1888.97439981 seconds